2024-10-09 at 19:01:08 | INFO | Configuration loaded:
2024-10-09 at 19:01:08 | INFO | LOG_LEVEL: INFO
2024-10-09 at 19:01:08 | INFO | MAX_REQUESTS_PER_MINUTE: 300
2024-10-09 at 19:01:08 | INFO | USERS_TABLE: users
2024-10-09 at 19:01:08 | INFO | SUPABASE_URL: https://ystmtmuwsoanjclgpcge.supabase.co
2024-10-09 at 19:01:08 | INFO | TELEGRAM_BOT_TOKEN: 75345293...2of0
2024-10-09 at 19:11:30 | INFO | Configuration loaded:
2024-10-09 at 19:11:30 | INFO | LOG_LEVEL: INFO
2024-10-09 at 19:11:30 | INFO | MAX_REQUESTS_PER_MINUTE: 300
2024-10-09 at 19:11:30 | INFO | USERS_TABLE: users
2024-10-09 at 19:11:30 | INFO | SUPABASE_URL: https://ystmtmuwsoanjclgpcge.supabase.co
2024-10-09 at 19:11:30 | INFO | TELEGRAM_BOT_TOKEN: 75345293...2of0
2024-10-09 at 19:11:31 | INFO | Configuration loaded:
2024-10-09 at 19:11:31 | INFO | LOG_LEVEL: INFO
2024-10-09 at 19:11:31 | INFO | MAX_REQUESTS_PER_MINUTE: 300
2024-10-09 at 19:11:31 | INFO | USERS_TABLE: users
2024-10-09 at 19:11:31 | INFO | SUPABASE_URL: https://ystmtmuwsoanjclgpcge.supabase.co
2024-10-09 at 19:11:31 | INFO | TELEGRAM_BOT_TOKEN: 75345293...2of0
2024-10-09 at 19:16:14 | INFO | Configuration loaded:
2024-10-09 at 19:16:14 | INFO | LOG_LEVEL: INFO
2024-10-09 at 19:16:14 | INFO | MAX_REQUESTS_PER_MINUTE: 300
2024-10-09 at 19:16:14 | INFO | USERS_TABLE: users
2024-10-09 at 19:16:14 | INFO | SUPABASE_URL: https://ystmtmuwsoanjclgpcge.supabase.co
2024-10-09 at 19:16:14 | INFO | TELEGRAM_BOT_TOKEN: 75345293...2of0
2024-10-09 at 19:16:15 | INFO | Configuration loaded:
2024-10-09 at 19:16:15 | INFO | LOG_LEVEL: INFO
2024-10-09 at 19:16:15 | INFO | MAX_REQUESTS_PER_MINUTE: 300
2024-10-09 at 19:16:15 | INFO | USERS_TABLE: users
2024-10-09 at 19:16:15 | INFO | SUPABASE_URL: https://ystmtmuwsoanjclgpcge.supabase.co
2024-10-09 at 19:16:15 | INFO | TELEGRAM_BOT_TOKEN: 75345293...2of0
2024-10-09 20:35:57.319 | INFO     | bot.database.db_operations:<module>:23 - Starting database operations
2024-10-09 20:35:58.326 | INFO     | bot.database.db_operations:<module>:23 - Starting database operations
2024-10-09 20:37:43.159 | INFO     | bot.database.db_operations:<module>:23 - Starting database operations
2024-10-09 20:37:43.184 | ERROR    | bot.bot:<module>:32 - Failed to import required modules: cannot import name 'USERS_TABLE' from 'bot.config' (/Users/irfandi/Coding/2024_Project/match-bot/bot/config.py)
2024-10-09 20:37:43.185 | ERROR    | bot.bot:<module>:33 - Please check your configuration and ensure all required modules are installed.
2024-10-09 20:37:43.186 | ERROR    | bot.bot:<module>:34 - Traceback (most recent call last):
  File "/Users/irfandi/Coding/2024_Project/match-bot/bot/bot.py", line 27, in <module>
    from bot.config import TELEGRAM_BOT_TOKEN, supabase, USERS_TABLE, MAX_REQUESTS_PER_MINUTE, LOG_LEVEL, SUPABASE_URL, MEDIA_CACHE_DIR, SUPABASE_PUBLIC_KEY, SUPABASE_SERVICE_ROLE_KEY
ImportError: cannot import name 'USERS_TABLE' from 'bot.config' (/Users/irfandi/Coding/2024_Project/match-bot/bot/config.py)

2024-10-09 20:37:43.194 | ERROR    | bot.bot:<module>:32 - Failed to import required modules: cannot import name 'USERS_TABLE' from 'bot.config' (/Users/irfandi/Coding/2024_Project/match-bot/bot/config.py)
2024-10-09 20:37:43.194 | ERROR    | bot.bot:<module>:33 - Please check your configuration and ensure all required modules are installed.
2024-10-09 20:37:43.198 | ERROR    | bot.bot:<module>:34 - Traceback (most recent call last):
  File "/Users/irfandi/Coding/2024_Project/match-bot/bot/bot.py", line 27, in <module>
    from bot.config import TELEGRAM_BOT_TOKEN, supabase, USERS_TABLE, MAX_REQUESTS_PER_MINUTE, LOG_LEVEL, SUPABASE_URL, MEDIA_CACHE_DIR, SUPABASE_PUBLIC_KEY, SUPABASE_SERVICE_ROLE_KEY
ImportError: cannot import name 'USERS_TABLE' from 'bot.config' (/Users/irfandi/Coding/2024_Project/match-bot/bot/config.py)

During handling of the above exception, another exception occurred:

Traceback (most recent call last):
  File "/Users/irfandi/Coding/2024_Project/match-bot/venv/lib/python3.12/site-packages/_pytest/main.py", line 283, in wrap_session
    session.exitstatus = doit(config, session) or 0
                         ^^^^^^^^^^^^^^^^^^^^^
  File "/Users/irfandi/Coding/2024_Project/match-bot/venv/lib/python3.12/site-packages/_pytest/main.py", line 336, in _main
    config.hook.pytest_collection(session=session)
  File "/Users/irfandi/Coding/2024_Project/match-bot/venv/lib/python3.12/site-packages/pluggy/_hooks.py", line 513, in __call__
    return self._hookexec(self.name, self._hookimpls.copy(), kwargs, firstresult)
           ^^^^^^^^^^^^^^^^^^^^^^^^^^^^^^^^^^^^^^^^^^^^^^^^^^^^^^^^^^^^^^^^^^^^^^
  File "/Users/irfandi/Coding/2024_Project/match-bot/venv/lib/python3.12/site-packages/pluggy/_manager.py", line 120, in _hookexec
    return self._inner_hookexec(hook_name, methods, kwargs, firstresult)
           ^^^^^^^^^^^^^^^^^^^^^^^^^^^^^^^^^^^^^^^^^^^^^^^^^^^^^^^^^^^^^
  File "/Users/irfandi/Coding/2024_Project/match-bot/venv/lib/python3.12/site-packages/pluggy/_callers.py", line 139, in _multicall
    raise exception.with_traceback(exception.__traceback__)
  File "/Users/irfandi/Coding/2024_Project/match-bot/venv/lib/python3.12/site-packages/pluggy/_callers.py", line 122, in _multicall
    teardown.throw(exception)  # type: ignore[union-attr]
    ^^^^^^^^^^^^^^^^^^^^^^^^^
  File "/Users/irfandi/Coding/2024_Project/match-bot/venv/lib/python3.12/site-packages/_pytest/logging.py", line 790, in pytest_collection
    return (yield)
            ^^^^^
  File "/Users/irfandi/Coding/2024_Project/match-bot/venv/lib/python3.12/site-packages/pluggy/_callers.py", line 122, in _multicall
    teardown.throw(exception)  # type: ignore[union-attr]
    ^^^^^^^^^^^^^^^^^^^^^^^^^
  File "/Users/irfandi/Coding/2024_Project/match-bot/venv/lib/python3.12/site-packages/_pytest/warnings.py", line 121, in pytest_collection
    return (yield)
            ^^^^^
  File "/Users/irfandi/Coding/2024_Project/match-bot/venv/lib/python3.12/site-packages/pluggy/_callers.py", line 122, in _multicall
    teardown.throw(exception)  # type: ignore[union-attr]
    ^^^^^^^^^^^^^^^^^^^^^^^^^
  File "/Users/irfandi/Coding/2024_Project/match-bot/venv/lib/python3.12/site-packages/_pytest/config/__init__.py", line 1417, in pytest_collection
    return (yield)
            ^^^^^
  File "/Users/irfandi/Coding/2024_Project/match-bot/venv/lib/python3.12/site-packages/pluggy/_callers.py", line 103, in _multicall
    res = hook_impl.function(*args)
          ^^^^^^^^^^^^^^^^^^^^^^^^^
  File "/Users/irfandi/Coding/2024_Project/match-bot/venv/lib/python3.12/site-packages/_pytest/main.py", line 347, in pytest_collection
    session.perform_collect()
  File "/Users/irfandi/Coding/2024_Project/match-bot/venv/lib/python3.12/site-packages/_pytest/main.py", line 809, in perform_collect
    self.items.extend(self.genitems(node))
  File "/Users/irfandi/Coding/2024_Project/match-bot/venv/lib/python3.12/site-packages/_pytest/main.py", line 975, in genitems
    yield from self.genitems(subnode)
  File "/Users/irfandi/Coding/2024_Project/match-bot/venv/lib/python3.12/site-packages/_pytest/main.py", line 970, in genitems
    rep, duplicate = self._collect_one_node(node, handle_dupes)
                     ^^^^^^^^^^^^^^^^^^^^^^^^^^^^^^^^^^^^^^^^^^
  File "/Users/irfandi/Coding/2024_Project/match-bot/venv/lib/python3.12/site-packages/_pytest/main.py", line 835, in _collect_one_node
    rep = collect_one_node(node)
          ^^^^^^^^^^^^^^^^^^^^^^
  File "/Users/irfandi/Coding/2024_Project/match-bot/venv/lib/python3.12/site-packages/_pytest/runner.py", line 567, in collect_one_node
    rep: CollectReport = ihook.pytest_make_collect_report(collector=collector)
                         ^^^^^^^^^^^^^^^^^^^^^^^^^^^^^^^^^^^^^^^^^^^^^^^^^^^^^
  File "/Users/irfandi/Coding/2024_Project/match-bot/venv/lib/python3.12/site-packages/pluggy/_hooks.py", line 513, in __call__
    return self._hookexec(self.name, self._hookimpls.copy(), kwargs, firstresult)
           ^^^^^^^^^^^^^^^^^^^^^^^^^^^^^^^^^^^^^^^^^^^^^^^^^^^^^^^^^^^^^^^^^^^^^^
  File "/Users/irfandi/Coding/2024_Project/match-bot/venv/lib/python3.12/site-packages/pluggy/_manager.py", line 120, in _hookexec
    return self._inner_hookexec(hook_name, methods, kwargs, firstresult)
           ^^^^^^^^^^^^^^^^^^^^^^^^^^^^^^^^^^^^^^^^^^^^^^^^^^^^^^^^^^^^^
  File "/Users/irfandi/Coding/2024_Project/match-bot/venv/lib/python3.12/site-packages/pluggy/_callers.py", line 139, in _multicall
    raise exception.with_traceback(exception.__traceback__)
  File "/Users/irfandi/Coding/2024_Project/match-bot/venv/lib/python3.12/site-packages/pluggy/_callers.py", line 122, in _multicall
    teardown.throw(exception)  # type: ignore[union-attr]
    ^^^^^^^^^^^^^^^^^^^^^^^^^
  File "/Users/irfandi/Coding/2024_Project/match-bot/venv/lib/python3.12/site-packages/_pytest/capture.py", line 860, in pytest_make_collect_report
    rep = yield
          ^^^^^
  File "/Users/irfandi/Coding/2024_Project/match-bot/venv/lib/python3.12/site-packages/pluggy/_callers.py", line 103, in _multicall
    res = hook_impl.function(*args)
          ^^^^^^^^^^^^^^^^^^^^^^^^^
  File "/Users/irfandi/Coding/2024_Project/match-bot/venv/lib/python3.12/site-packages/_pytest/runner.py", line 391, in pytest_make_collect_report
    call = CallInfo.from_call(
           ^^^^^^^^^^^^^^^^^^^
  File "/Users/irfandi/Coding/2024_Project/match-bot/venv/lib/python3.12/site-packages/_pytest/runner.py", line 341, in from_call
    result: TResult | None = func()
                             ^^^^^^
  File "/Users/irfandi/Coding/2024_Project/match-bot/venv/lib/python3.12/site-packages/_pytest/runner.py", line 389, in collect
    return list(collector.collect())
                ^^^^^^^^^^^^^^^^^^^
  File "/Users/irfandi/Coding/2024_Project/match-bot/venv/lib/python3.12/site-packages/pytest_asyncio/plugin.py", line 667, in _patched_collect
    module = collector.obj
             ^^^^^^^^^^^^^
  File "/Users/irfandi/Coding/2024_Project/match-bot/venv/lib/python3.12/site-packages/_pytest/python.py", line 284, in obj
    self._obj = obj = self._getobj()
                      ^^^^^^^^^^^^^^
  File "/Users/irfandi/Coding/2024_Project/match-bot/venv/lib/python3.12/site-packages/_pytest/python.py", line 546, in _getobj
    return importtestmodule(self.path, self.config)
           ^^^^^^^^^^^^^^^^^^^^^^^^^^^^^^^^^^^^^^^^
  File "/Users/irfandi/Coding/2024_Project/match-bot/venv/lib/python3.12/site-packages/_pytest/python.py", line 493, in importtestmodule
    mod = import_path(
          ^^^^^^^^^^^^
  File "/Users/irfandi/Coding/2024_Project/match-bot/venv/lib/python3.12/site-packages/_pytest/pathlib.py", line 582, in import_path
    importlib.import_module(module_name)
  File "/opt/homebrew/Cellar/python@3.12/3.12.7/Frameworks/Python.framework/Versions/3.12/lib/python3.12/importlib/__init__.py", line 90, in import_module
    return _bootstrap._gcd_import(name[level:], package, level)
           ^^^^^^^^^^^^^^^^^^^^^^^^^^^^^^^^^^^^^^^^^^^^^^^^^^^^
  File "<frozen importlib._bootstrap>", line 1387, in _gcd_import
  File "<frozen importlib._bootstrap>", line 1360, in _find_and_load
  File "<frozen importlib._bootstrap>", line 1331, in _find_and_load_unlocked
  File "<frozen importlib._bootstrap>", line 935, in _load_unlocked
  File "/Users/irfandi/Coding/2024_Project/match-bot/venv/lib/python3.12/site-packages/_pytest/assertion/rewrite.py", line 184, in exec_module
    exec(co, module.__dict__)
  File "/Users/irfandi/Coding/2024_Project/match-bot/tests/test_bot.py", line 3, in <module>
    from bot.handlers.start import start, handle_username, handle_first_name, handle_last_name, handle_age, handle_gender, handle_bio
  File "/Users/irfandi/Coding/2024_Project/match-bot/bot/__init__.py", line 7, in <module>
    from .bot import bot
  File "/Users/irfandi/Coding/2024_Project/match-bot/bot/bot.py", line 35, in <module>
    sys.exit(1)
SystemExit: 1

During handling of the above exception, another exception occurred:

Traceback (most recent call last):
  File "/Users/irfandi/Coding/2024_Project/match-bot/bot/bot.py", line 27, in <module>
    from bot.config import TELEGRAM_BOT_TOKEN, supabase, USERS_TABLE, MAX_REQUESTS_PER_MINUTE, LOG_LEVEL, SUPABASE_URL, MEDIA_CACHE_DIR, SUPABASE_PUBLIC_KEY, SUPABASE_SERVICE_ROLE_KEY
ImportError: cannot import name 'USERS_TABLE' from 'bot.config' (/Users/irfandi/Coding/2024_Project/match-bot/bot/config.py)

2024-10-09 20:39:40.507 | INFO     | bot.database.db_operations:<module>:23 - Starting database operations
2024-10-09 20:39:41.651 | INFO     | bot.database.db_operations:<module>:23 - Starting database operations
2024-10-09 20:41:46.104 | INFO     | bot.database.db_operations:<module>:23 - Starting database operations
2024-10-09 20:41:46.122 | ERROR    | bot.bot:<module>:32 - Failed to import required modules: cannot import name 'MAX_REQUESTS_PER_MINUTE' from 'bot.config' (/Users/irfandi/Coding/2024_Project/match-bot/bot/config.py)
2024-10-09 20:41:46.122 | ERROR    | bot.bot:<module>:33 - Please check your configuration and ensure all required modules are installed.
2024-10-09 20:41:46.125 | ERROR    | bot.bot:<module>:34 - Traceback (most recent call last):
  File "/Users/irfandi/Coding/2024_Project/match-bot/bot/bot.py", line 27, in <module>
    from bot.config import TELEGRAM_BOT_TOKEN, supabase, USERS_TABLE, MAX_REQUESTS_PER_MINUTE, LOG_LEVEL, SUPABASE_URL, MEDIA_CACHE_DIR, SUPABASE_PUBLIC_KEY, SUPABASE_SERVICE_ROLE_KEY
ImportError: cannot import name 'MAX_REQUESTS_PER_MINUTE' from 'bot.config' (/Users/irfandi/Coding/2024_Project/match-bot/bot/config.py)

2024-10-09 20:41:46.132 | ERROR    | bot.bot:<module>:32 - Failed to import required modules: cannot import name 'MAX_REQUESTS_PER_MINUTE' from 'bot.config' (/Users/irfandi/Coding/2024_Project/match-bot/bot/config.py)
2024-10-09 20:41:46.132 | ERROR    | bot.bot:<module>:33 - Please check your configuration and ensure all required modules are installed.
2024-10-09 20:41:46.136 | ERROR    | bot.bot:<module>:34 - Traceback (most recent call last):
  File "/Users/irfandi/Coding/2024_Project/match-bot/bot/bot.py", line 27, in <module>
    from bot.config import TELEGRAM_BOT_TOKEN, supabase, USERS_TABLE, MAX_REQUESTS_PER_MINUTE, LOG_LEVEL, SUPABASE_URL, MEDIA_CACHE_DIR, SUPABASE_PUBLIC_KEY, SUPABASE_SERVICE_ROLE_KEY
ImportError: cannot import name 'MAX_REQUESTS_PER_MINUTE' from 'bot.config' (/Users/irfandi/Coding/2024_Project/match-bot/bot/config.py)

During handling of the above exception, another exception occurred:

Traceback (most recent call last):
  File "/Users/irfandi/Coding/2024_Project/match-bot/venv/lib/python3.12/site-packages/_pytest/main.py", line 283, in wrap_session
    session.exitstatus = doit(config, session) or 0
                         ^^^^^^^^^^^^^^^^^^^^^
  File "/Users/irfandi/Coding/2024_Project/match-bot/venv/lib/python3.12/site-packages/_pytest/main.py", line 336, in _main
    config.hook.pytest_collection(session=session)
  File "/Users/irfandi/Coding/2024_Project/match-bot/venv/lib/python3.12/site-packages/pluggy/_hooks.py", line 513, in __call__
    return self._hookexec(self.name, self._hookimpls.copy(), kwargs, firstresult)
           ^^^^^^^^^^^^^^^^^^^^^^^^^^^^^^^^^^^^^^^^^^^^^^^^^^^^^^^^^^^^^^^^^^^^^^
  File "/Users/irfandi/Coding/2024_Project/match-bot/venv/lib/python3.12/site-packages/pluggy/_manager.py", line 120, in _hookexec
    return self._inner_hookexec(hook_name, methods, kwargs, firstresult)
           ^^^^^^^^^^^^^^^^^^^^^^^^^^^^^^^^^^^^^^^^^^^^^^^^^^^^^^^^^^^^^
  File "/Users/irfandi/Coding/2024_Project/match-bot/venv/lib/python3.12/site-packages/pluggy/_callers.py", line 139, in _multicall
    raise exception.with_traceback(exception.__traceback__)
  File "/Users/irfandi/Coding/2024_Project/match-bot/venv/lib/python3.12/site-packages/pluggy/_callers.py", line 122, in _multicall
    teardown.throw(exception)  # type: ignore[union-attr]
    ^^^^^^^^^^^^^^^^^^^^^^^^^
  File "/Users/irfandi/Coding/2024_Project/match-bot/venv/lib/python3.12/site-packages/_pytest/logging.py", line 790, in pytest_collection
    return (yield)
            ^^^^^
  File "/Users/irfandi/Coding/2024_Project/match-bot/venv/lib/python3.12/site-packages/pluggy/_callers.py", line 122, in _multicall
    teardown.throw(exception)  # type: ignore[union-attr]
    ^^^^^^^^^^^^^^^^^^^^^^^^^
  File "/Users/irfandi/Coding/2024_Project/match-bot/venv/lib/python3.12/site-packages/_pytest/warnings.py", line 121, in pytest_collection
    return (yield)
            ^^^^^
  File "/Users/irfandi/Coding/2024_Project/match-bot/venv/lib/python3.12/site-packages/pluggy/_callers.py", line 122, in _multicall
    teardown.throw(exception)  # type: ignore[union-attr]
    ^^^^^^^^^^^^^^^^^^^^^^^^^
  File "/Users/irfandi/Coding/2024_Project/match-bot/venv/lib/python3.12/site-packages/_pytest/config/__init__.py", line 1417, in pytest_collection
    return (yield)
            ^^^^^
  File "/Users/irfandi/Coding/2024_Project/match-bot/venv/lib/python3.12/site-packages/pluggy/_callers.py", line 103, in _multicall
    res = hook_impl.function(*args)
          ^^^^^^^^^^^^^^^^^^^^^^^^^
  File "/Users/irfandi/Coding/2024_Project/match-bot/venv/lib/python3.12/site-packages/_pytest/main.py", line 347, in pytest_collection
    session.perform_collect()
  File "/Users/irfandi/Coding/2024_Project/match-bot/venv/lib/python3.12/site-packages/_pytest/main.py", line 809, in perform_collect
    self.items.extend(self.genitems(node))
  File "/Users/irfandi/Coding/2024_Project/match-bot/venv/lib/python3.12/site-packages/_pytest/main.py", line 975, in genitems
    yield from self.genitems(subnode)
  File "/Users/irfandi/Coding/2024_Project/match-bot/venv/lib/python3.12/site-packages/_pytest/main.py", line 970, in genitems
    rep, duplicate = self._collect_one_node(node, handle_dupes)
                     ^^^^^^^^^^^^^^^^^^^^^^^^^^^^^^^^^^^^^^^^^^
  File "/Users/irfandi/Coding/2024_Project/match-bot/venv/lib/python3.12/site-packages/_pytest/main.py", line 835, in _collect_one_node
    rep = collect_one_node(node)
          ^^^^^^^^^^^^^^^^^^^^^^
  File "/Users/irfandi/Coding/2024_Project/match-bot/venv/lib/python3.12/site-packages/_pytest/runner.py", line 567, in collect_one_node
    rep: CollectReport = ihook.pytest_make_collect_report(collector=collector)
                         ^^^^^^^^^^^^^^^^^^^^^^^^^^^^^^^^^^^^^^^^^^^^^^^^^^^^^
  File "/Users/irfandi/Coding/2024_Project/match-bot/venv/lib/python3.12/site-packages/pluggy/_hooks.py", line 513, in __call__
    return self._hookexec(self.name, self._hookimpls.copy(), kwargs, firstresult)
           ^^^^^^^^^^^^^^^^^^^^^^^^^^^^^^^^^^^^^^^^^^^^^^^^^^^^^^^^^^^^^^^^^^^^^^
  File "/Users/irfandi/Coding/2024_Project/match-bot/venv/lib/python3.12/site-packages/pluggy/_manager.py", line 120, in _hookexec
    return self._inner_hookexec(hook_name, methods, kwargs, firstresult)
           ^^^^^^^^^^^^^^^^^^^^^^^^^^^^^^^^^^^^^^^^^^^^^^^^^^^^^^^^^^^^^
  File "/Users/irfandi/Coding/2024_Project/match-bot/venv/lib/python3.12/site-packages/pluggy/_callers.py", line 139, in _multicall
    raise exception.with_traceback(exception.__traceback__)
  File "/Users/irfandi/Coding/2024_Project/match-bot/venv/lib/python3.12/site-packages/pluggy/_callers.py", line 122, in _multicall
    teardown.throw(exception)  # type: ignore[union-attr]
    ^^^^^^^^^^^^^^^^^^^^^^^^^
  File "/Users/irfandi/Coding/2024_Project/match-bot/venv/lib/python3.12/site-packages/_pytest/capture.py", line 860, in pytest_make_collect_report
    rep = yield
          ^^^^^
  File "/Users/irfandi/Coding/2024_Project/match-bot/venv/lib/python3.12/site-packages/pluggy/_callers.py", line 103, in _multicall
    res = hook_impl.function(*args)
          ^^^^^^^^^^^^^^^^^^^^^^^^^
  File "/Users/irfandi/Coding/2024_Project/match-bot/venv/lib/python3.12/site-packages/_pytest/runner.py", line 391, in pytest_make_collect_report
    call = CallInfo.from_call(
           ^^^^^^^^^^^^^^^^^^^
  File "/Users/irfandi/Coding/2024_Project/match-bot/venv/lib/python3.12/site-packages/_pytest/runner.py", line 341, in from_call
    result: TResult | None = func()
                             ^^^^^^
  File "/Users/irfandi/Coding/2024_Project/match-bot/venv/lib/python3.12/site-packages/_pytest/runner.py", line 389, in collect
    return list(collector.collect())
                ^^^^^^^^^^^^^^^^^^^
  File "/Users/irfandi/Coding/2024_Project/match-bot/venv/lib/python3.12/site-packages/pytest_asyncio/plugin.py", line 667, in _patched_collect
    module = collector.obj
             ^^^^^^^^^^^^^
  File "/Users/irfandi/Coding/2024_Project/match-bot/venv/lib/python3.12/site-packages/_pytest/python.py", line 284, in obj
    self._obj = obj = self._getobj()
                      ^^^^^^^^^^^^^^
  File "/Users/irfandi/Coding/2024_Project/match-bot/venv/lib/python3.12/site-packages/_pytest/python.py", line 546, in _getobj
    return importtestmodule(self.path, self.config)
           ^^^^^^^^^^^^^^^^^^^^^^^^^^^^^^^^^^^^^^^^
  File "/Users/irfandi/Coding/2024_Project/match-bot/venv/lib/python3.12/site-packages/_pytest/python.py", line 493, in importtestmodule
    mod = import_path(
          ^^^^^^^^^^^^
  File "/Users/irfandi/Coding/2024_Project/match-bot/venv/lib/python3.12/site-packages/_pytest/pathlib.py", line 582, in import_path
    importlib.import_module(module_name)
  File "/opt/homebrew/Cellar/python@3.12/3.12.7/Frameworks/Python.framework/Versions/3.12/lib/python3.12/importlib/__init__.py", line 90, in import_module
    return _bootstrap._gcd_import(name[level:], package, level)
           ^^^^^^^^^^^^^^^^^^^^^^^^^^^^^^^^^^^^^^^^^^^^^^^^^^^^
  File "<frozen importlib._bootstrap>", line 1387, in _gcd_import
  File "<frozen importlib._bootstrap>", line 1360, in _find_and_load
  File "<frozen importlib._bootstrap>", line 1331, in _find_and_load_unlocked
  File "<frozen importlib._bootstrap>", line 935, in _load_unlocked
  File "/Users/irfandi/Coding/2024_Project/match-bot/venv/lib/python3.12/site-packages/_pytest/assertion/rewrite.py", line 184, in exec_module
    exec(co, module.__dict__)
  File "/Users/irfandi/Coding/2024_Project/match-bot/tests/test_bot.py", line 3, in <module>
    from bot.handlers.start import start, setup_handlers
  File "/Users/irfandi/Coding/2024_Project/match-bot/bot/__init__.py", line 7, in <module>
    from .bot import bot
  File "/Users/irfandi/Coding/2024_Project/match-bot/bot/bot.py", line 35, in <module>
    sys.exit(1)
SystemExit: 1

During handling of the above exception, another exception occurred:

Traceback (most recent call last):
  File "/Users/irfandi/Coding/2024_Project/match-bot/bot/bot.py", line 27, in <module>
    from bot.config import TELEGRAM_BOT_TOKEN, supabase, USERS_TABLE, MAX_REQUESTS_PER_MINUTE, LOG_LEVEL, SUPABASE_URL, MEDIA_CACHE_DIR, SUPABASE_PUBLIC_KEY, SUPABASE_SERVICE_ROLE_KEY
ImportError: cannot import name 'MAX_REQUESTS_PER_MINUTE' from 'bot.config' (/Users/irfandi/Coding/2024_Project/match-bot/bot/config.py)

2024-10-09 20:44:19.801 | INFO     | bot.database.db_operations:<module>:23 - Starting database operations
2024-10-09 20:44:20.788 | INFO     | bot.database.db_operations:<module>:23 - Starting database operations
2024-10-09 20:45:28.839 | INFO     | bot.database.db_operations:<module>:23 - Starting database operations
2024-10-09 20:45:29.755 | INFO     | bot.database.db_operations:<module>:23 - Starting database operations
2024-10-09 20:46:49.474 | INFO     | bot.database.db_operations:<module>:23 - Starting database operations
2024-10-09 20:46:50.392 | INFO     | bot.database.db_operations:<module>:23 - Starting database operations
2024-10-09 20:50:53.177 | INFO     | bot.database.db_operations:<module>:23 - Starting database operations
2024-10-09 20:50:54.109 | INFO     | bot.database.db_operations:<module>:23 - Starting database operations
2024-10-09 20:52:02.056 | INFO     | bot.database.db_operations:<module>:23 - Starting database operations
2024-10-09 20:52:02.989 | INFO     | bot.database.db_operations:<module>:23 - Starting database operations
2024-10-09 20:53:53.954 | INFO     | bot.database.db_operations:<module>:23 - Starting database operations
2024-10-09 20:53:55.039 | INFO     | bot.database.db_operations:<module>:23 - Starting database operations
2024-10-09 20:55:04.797 | INFO     | bot.database.db_operations:<module>:23 - Starting database operations
2024-10-09 20:55:05.770 | INFO     | bot.database.db_operations:<module>:23 - Starting database operations
2024-10-09 20:56:52.238 | INFO     | bot.database.db_operations:<module>:23 - Starting database operations
2024-10-09 20:56:53.215 | INFO     | bot.database.db_operations:<module>:23 - Starting database operations
2024-10-09 20:57:56.844 | INFO     | bot.database.db_operations:<module>:23 - Starting database operations
2024-10-09 20:57:57.823 | INFO     | bot.database.db_operations:<module>:23 - Starting database operations
2024-10-09 21:01:35.575 | INFO     | bot.database.db_operations:<module>:23 - Starting database operations
2024-10-09 21:01:36.524 | INFO     | bot.database.db_operations:<module>:23 - Starting database operations
2024-10-09 21:02:39.255 | INFO     | bot.database.db_operations:<module>:23 - Starting database operations
2024-10-09 21:02:40.315 | INFO     | bot.database.db_operations:<module>:23 - Starting database operations
2024-10-09 21:10:06.825 | INFO     | bot.database.db_operations:<module>:23 - Starting database operations
2024-10-09 21:10:07.913 | INFO     | bot.database.db_operations:<module>:23 - Starting database operations
2024-10-09 21:11:52.356 | INFO     | bot.database.db_operations:<module>:23 - Starting database operations
2024-10-09 21:11:53.302 | INFO     | bot.database.db_operations:<module>:23 - Starting database operations
2024-10-09 21:13:37.419 | INFO     | bot.database.db_operations:<module>:23 - Starting database operations
2024-10-09 21:13:38.346 | INFO     | bot.database.db_operations:<module>:23 - Starting database operations
2024-10-09 21:14:05.284 | INFO     | bot.database.db_operations:<module>:23 - Starting database operations
2024-10-09 21:14:06.226 | INFO     | bot.database.db_operations:<module>:23 - Starting database operations
2024-10-09 21:16:01.187 | INFO     | bot.database.db_operations:<module>:23 - Starting database operations
2024-10-09 21:16:02.224 | INFO     | bot.database.db_operations:<module>:23 - Starting database operations
2024-10-09 21:18:56.161 | INFO     | bot.database.db_operations:<module>:23 - Starting database operations
2024-10-09 21:18:57.111 | INFO     | bot.database.db_operations:<module>:23 - Starting database operations
2024-10-09 21:21:14.136 | INFO     | bot.database.db_operations:<module>:23 - Starting database operations
2024-10-09 21:21:15.109 | INFO     | bot.database.db_operations:<module>:23 - Starting database operations
2024-10-09 21:25:33.632 | INFO     | bot.database.db_operations:<module>:23 - Starting database operations
2024-10-09 21:25:34.601 | INFO     | bot.database.db_operations:<module>:23 - Starting database operations
2024-10-09 21:30:03.597 | INFO     | bot.database.db_operations:<module>:23 - Starting database operations
2024-10-09 21:30:04.527 | INFO     | bot.database.db_operations:<module>:23 - Starting database operations
2024-10-09 21:32:00.887 | INFO     | bot.database.db_operations:<module>:23 - Starting database operations
2024-10-09 21:32:01.868 | INFO     | bot.database.db_operations:<module>:23 - Starting database operations
2024-10-09 21:32:46.372 | INFO     | bot.database.db_operations:<module>:23 - Starting database operations
2024-10-09 21:32:47.287 | INFO     | bot.database.db_operations:<module>:23 - Starting database operations
2024-10-09 21:33:33.709 | INFO     | bot.database.db_operations:<module>:23 - Starting database operations
2024-10-09 21:33:35.382 | INFO     | bot.database.db_operations:<module>:23 - Starting database operations
2024-10-09 21:34:10.772 | INFO     | bot.database.db_operations:<module>:23 - Starting database operations
2024-10-09 21:34:11.865 | INFO     | bot.database.db_operations:<module>:23 - Starting database operations
2024-10-09 21:34:48.420 | INFO     | bot.database.db_operations:<module>:23 - Starting database operations
2024-10-09 21:34:49.565 | INFO     | bot.database.db_operations:<module>:23 - Starting database operations
2024-10-09 21:35:48.660 | INFO     | bot.database.db_operations:<module>:23 - Starting database operations
2024-10-09 21:35:49.745 | INFO     | bot.database.db_operations:<module>:23 - Starting database operations
2024-10-09 21:36:30.509 | INFO     | bot.database.db_operations:<module>:23 - Starting database operations
2024-10-09 21:36:31.627 | INFO     | bot.database.db_operations:<module>:23 - Starting database operations
2024-10-09 21:37:12.981 | INFO     | bot.database.db_operations:<module>:23 - Starting database operations
2024-10-09 21:37:14.007 | INFO     | bot.database.db_operations:<module>:23 - Starting database operations
2024-10-09 21:38:03.487 | INFO     | bot.database.db_operations:<module>:23 - Starting database operations
2024-10-09 21:38:04.854 | INFO     | bot.database.db_operations:<module>:23 - Starting database operations
2024-10-09 21:38:53.976 | INFO     | bot.database.db_operations:<module>:23 - Starting database operations
2024-10-09 21:38:55.281 | INFO     | bot.database.db_operations:<module>:23 - Starting database operations
2024-10-09 21:39:56.774 | INFO     | bot.database.db_operations:<module>:23 - Starting database operations
2024-10-09 21:39:58.081 | INFO     | bot.database.db_operations:<module>:23 - Starting database operations
2024-10-09 21:49:05.941 | INFO     | bot.database.db_operations:<module>:23 - Starting database operations
2024-10-09 21:49:06.858 | INFO     | bot.database.db_operations:<module>:23 - Starting database operations
2024-10-09 21:51:54.215 | INFO     | bot.database.db_operations:<module>:23 - Starting database operations
2024-10-09 21:55:26.808 | INFO     | bot.database.db_operations:<module>:23 - Starting database operations
2024-10-09 21:56:38.079 | INFO     | bot.database.db_operations:<module>:23 - Starting database operations
2024-10-09 21:58:28.721 | INFO     | bot.database.db_operations:<module>:23 - Starting database operations
2024-10-09 22:00:11.455 | INFO     | bot.database.db_operations:<module>:23 - Starting database operations
2024-10-09 22:03:20.003 | INFO     | bot.database.db_operations:<module>:23 - Starting database operations
2024-10-09 22:04:39.865 | INFO     | bot.database.db_operations:<module>:23 - Starting database operations
2024-10-09 22:06:53.036 | INFO     | bot.database.db_operations:<module>:23 - Starting database operations
2024-10-09 22:10:00.621 | INFO     | bot.database.db_operations:<module>:23 - Starting database operations
2024-10-09 22:12:20.760 | INFO     | bot.database.db_operations:<module>:23 - Starting database operations
2024-10-09 22:13:45.254 | INFO     | bot.database.db_operations:<module>:23 - Starting database operations
2024-10-09 22:15:01.505 | INFO     | bot.database.db_operations:<module>:23 - Starting database operations
2024-10-09 22:16:34.961 | INFO     | bot.database.db_operations:<module>:23 - Starting database operations
2024-10-09 22:19:49.371 | INFO     | bot.database.db_operations:<module>:23 - Starting database operations
2024-10-09 22:21:09.278 | INFO     | bot.database.db_operations:<module>:23 - Starting database operations
2024-10-09 22:24:23.037 | INFO     | bot.database.db_operations:<module>:23 - Starting database operations
2024-10-09 22:26:23.256 | INFO     | bot.database.db_operations:<module>:23 - Starting database operations
2024-10-09 22:35:04.919 | INFO     | bot.database.db_operations:<module>:23 - Starting database operations
2024-10-09 22:36:15.734 | INFO     | bot.database.db_operations:<module>:36 - Starting database operations
2024-10-09 22:37:58.351 | INFO     | bot.database.db_operations:<module>:36 - Starting database operations
2024-10-09 22:40:07.640 | INFO     | bot.database.db_operations:<module>:36 - Starting database operations
2024-10-09 22:42:04.496 | INFO     | bot.database.db_operations:<module>:36 - Starting database operations
2024-10-09 22:45:15.687 | INFO     | bot.database.db_operations:<module>:36 - Starting database operations
2024-10-09 22:58:45.102 | INFO     | bot.database.db_operations:<module>:37 - Starting database operations
2024-10-09 23:35:05.025 | INFO     | bot.database.db_operations:<module>:37 - Starting database operations
2024-10-09 23:35:05.044 | INFO     | bot.database.cron.cleanup:clean_up_empty_user_directories:44 - Checking for empty user directories to clean up.
2024-10-09 23:35:05.112 | INFO     | bot.database.cron.cleanup:clean_up_empty_user_directories:44 - Checking for empty user directories to clean up.
2024-10-09 23:35:49.469 | INFO     | bot.database.db_operations:<module>:37 - Starting database operations
2024-10-09 23:35:49.489 | INFO     | bot.database.cron.cleanup:clean_up_empty_user_directories:44 - Checking for empty user directories to clean up.
2024-10-09 23:35:49.513 | INFO     | bot.database.cron.cleanup:clean_up_unused_media:10 - Starting cleanup of unused media files.
2024-10-09 23:35:49.629 | ERROR    | bot.database.policy_manager:create_or_update_policy:30 - Error setting up policy reports_select_own: object MagicMock can't be used in 'await' expression
2024-10-09 23:35:49.630 | ERROR    | bot.database.policy_manager:create_or_update_policy:30 - Error setting up policy reports_insert_own: object MagicMock can't be used in 'await' expression
2024-10-09 23:35:49.630 | ERROR    | bot.database.policy_manager:create_or_update_policy:30 - Error setting up policy reports_update_own: object MagicMock can't be used in 'await' expression
2024-10-09 23:35:49.630 | ERROR    | bot.database.policy_manager:create_or_update_policy:30 - Error setting up policy reports_delete_own: object MagicMock can't be used in 'await' expression
2024-10-09 23:35:49.630 | ERROR    | bot.database.policy_manager:create_or_update_policy:30 - Error setting up policy users_select_own: object MagicMock can't be used in 'await' expression
2024-10-09 23:35:49.630 | ERROR    | bot.database.policy_manager:create_or_update_policy:30 - Error setting up policy users_insert_any: object MagicMock can't be used in 'await' expression
2024-10-09 23:35:49.630 | ERROR    | bot.database.policy_manager:create_or_update_policy:30 - Error setting up policy users_update_any: object MagicMock can't be used in 'await' expression
2024-10-09 23:35:49.630 | ERROR    | bot.database.policy_manager:create_or_update_policy:30 - Error setting up policy users_delete_any: object MagicMock can't be used in 'await' expression
2024-10-09 23:35:49.631 | ERROR    | bot.database.policy_manager:create_or_update_policy:30 - Error setting up policy preferences_select_own: object MagicMock can't be used in 'await' expression
2024-10-09 23:35:49.631 | ERROR    | bot.database.policy_manager:create_or_update_policy:30 - Error setting up policy preferences_insert_own: object MagicMock can't be used in 'await' expression
2024-10-09 23:35:49.631 | ERROR    | bot.database.policy_manager:create_or_update_policy:30 - Error setting up policy preferences_update_own: object MagicMock can't be used in 'await' expression
2024-10-09 23:35:49.631 | ERROR    | bot.database.policy_manager:create_or_update_policy:30 - Error setting up policy preferences_delete_own: object MagicMock can't be used in 'await' expression
2024-10-09 23:35:49.631 | ERROR    | bot.database.policy_manager:create_or_update_policy:30 - Error setting up policy matches_select_own: object MagicMock can't be used in 'await' expression
2024-10-09 23:35:49.631 | ERROR    | bot.database.policy_manager:create_or_update_policy:30 - Error setting up policy matches_insert_own: object MagicMock can't be used in 'await' expression
2024-10-09 23:35:49.631 | ERROR    | bot.database.policy_manager:create_or_update_policy:30 - Error setting up policy matches_update_own: object MagicMock can't be used in 'await' expression
2024-10-09 23:35:49.631 | ERROR    | bot.database.policy_manager:create_or_update_policy:30 - Error setting up policy matches_delete_own: object MagicMock can't be used in 'await' expression
2024-10-09 23:36:24.155 | INFO     | bot.database.db_operations:<module>:37 - Starting database operations
2024-10-09 23:36:24.176 | INFO     | bot.database.cron.cleanup:clean_up_empty_user_directories:34 - Checking for empty user directories to clean up.
2024-10-09 23:36:24.202 | INFO     | bot.database.cron.cleanup:clean_up_unused_media:10 - Starting cleanup of unused media files.
2024-10-09 23:36:24.652 | ERROR    | bot.main:main:14 - Error in main function: 'coroutine' object has no attribute 'initialize'
2024-10-09 23:36:24.669 | ERROR    | bot.database.policy_manager:create_or_update_policy:30 - Error setting up policy reports_select_own: object MagicMock can't be used in 'await' expression
2024-10-09 23:36:24.669 | ERROR    | bot.database.policy_manager:create_or_update_policy:30 - Error setting up policy reports_insert_own: object MagicMock can't be used in 'await' expression
2024-10-09 23:36:24.670 | ERROR    | bot.database.policy_manager:create_or_update_policy:30 - Error setting up policy reports_update_own: object MagicMock can't be used in 'await' expression
2024-10-09 23:36:24.670 | ERROR    | bot.database.policy_manager:create_or_update_policy:30 - Error setting up policy reports_delete_own: object MagicMock can't be used in 'await' expression
2024-10-09 23:36:24.670 | ERROR    | bot.database.policy_manager:create_or_update_policy:30 - Error setting up policy users_select_own: object MagicMock can't be used in 'await' expression
2024-10-09 23:36:24.671 | ERROR    | bot.database.policy_manager:create_or_update_policy:30 - Error setting up policy users_insert_any: object MagicMock can't be used in 'await' expression
2024-10-09 23:36:24.671 | ERROR    | bot.database.policy_manager:create_or_update_policy:30 - Error setting up policy users_update_any: object MagicMock can't be used in 'await' expression
2024-10-09 23:36:24.671 | ERROR    | bot.database.policy_manager:create_or_update_policy:30 - Error setting up policy users_delete_any: object MagicMock can't be used in 'await' expression
2024-10-09 23:36:24.671 | ERROR    | bot.database.policy_manager:create_or_update_policy:30 - Error setting up policy preferences_select_own: object MagicMock can't be used in 'await' expression
2024-10-09 23:36:24.672 | ERROR    | bot.database.policy_manager:create_or_update_policy:30 - Error setting up policy preferences_insert_own: object MagicMock can't be used in 'await' expression
2024-10-09 23:36:24.672 | ERROR    | bot.database.policy_manager:create_or_update_policy:30 - Error setting up policy preferences_update_own: object MagicMock can't be used in 'await' expression
2024-10-09 23:36:24.672 | ERROR    | bot.database.policy_manager:create_or_update_policy:30 - Error setting up policy preferences_delete_own: object MagicMock can't be used in 'await' expression
2024-10-09 23:36:24.672 | ERROR    | bot.database.policy_manager:create_or_update_policy:30 - Error setting up policy matches_select_own: object MagicMock can't be used in 'await' expression
2024-10-09 23:36:24.673 | ERROR    | bot.database.policy_manager:create_or_update_policy:30 - Error setting up policy matches_insert_own: object MagicMock can't be used in 'await' expression
2024-10-09 23:36:24.673 | ERROR    | bot.database.policy_manager:create_or_update_policy:30 - Error setting up policy matches_update_own: object MagicMock can't be used in 'await' expression
2024-10-09 23:36:24.673 | ERROR    | bot.database.policy_manager:create_or_update_policy:30 - Error setting up policy matches_delete_own: object MagicMock can't be used in 'await' expression
2024-10-09 23:37:12.199 | INFO     | bot.database.db_operations:<module>:37 - Starting database operations
2024-10-09 23:37:12.220 | INFO     | bot.database.cron.cleanup:clean_up_empty_user_directories:34 - Checking for empty user directories to clean up.
2024-10-09 23:37:12.245 | INFO     | bot.database.cron.cleanup:clean_up_unused_media:10 - Starting cleanup of unused media files.
2024-10-09 23:37:12.424 | ERROR    | bot.main:main:14 - Error in main function: 'coroutine' object has no attribute 'initialize'
2024-10-09 23:37:12.437 | ERROR    | bot.database.policy_manager:create_or_update_policy:30 - Error setting up policy reports_select_own: object MagicMock can't be used in 'await' expression
2024-10-09 23:37:12.438 | ERROR    | bot.database.policy_manager:create_or_update_policy:30 - Error setting up policy reports_insert_own: object MagicMock can't be used in 'await' expression
2024-10-09 23:37:12.438 | ERROR    | bot.database.policy_manager:create_or_update_policy:30 - Error setting up policy reports_update_own: object MagicMock can't be used in 'await' expression
2024-10-09 23:37:12.438 | ERROR    | bot.database.policy_manager:create_or_update_policy:30 - Error setting up policy reports_delete_own: object MagicMock can't be used in 'await' expression
2024-10-09 23:37:12.438 | ERROR    | bot.database.policy_manager:create_or_update_policy:30 - Error setting up policy users_select_own: object MagicMock can't be used in 'await' expression
2024-10-09 23:37:12.439 | ERROR    | bot.database.policy_manager:create_or_update_policy:30 - Error setting up policy users_insert_any: object MagicMock can't be used in 'await' expression
2024-10-09 23:37:12.439 | ERROR    | bot.database.policy_manager:create_or_update_policy:30 - Error setting up policy users_update_any: object MagicMock can't be used in 'await' expression
2024-10-09 23:37:12.439 | ERROR    | bot.database.policy_manager:create_or_update_policy:30 - Error setting up policy users_delete_any: object MagicMock can't be used in 'await' expression
2024-10-09 23:37:12.439 | ERROR    | bot.database.policy_manager:create_or_update_policy:30 - Error setting up policy preferences_select_own: object MagicMock can't be used in 'await' expression
2024-10-09 23:37:12.439 | ERROR    | bot.database.policy_manager:create_or_update_policy:30 - Error setting up policy preferences_insert_own: object MagicMock can't be used in 'await' expression
2024-10-09 23:37:12.440 | ERROR    | bot.database.policy_manager:create_or_update_policy:30 - Error setting up policy preferences_update_own: object MagicMock can't be used in 'await' expression
2024-10-09 23:37:12.440 | ERROR    | bot.database.policy_manager:create_or_update_policy:30 - Error setting up policy preferences_delete_own: object MagicMock can't be used in 'await' expression
2024-10-09 23:37:12.440 | ERROR    | bot.database.policy_manager:create_or_update_policy:30 - Error setting up policy matches_select_own: object MagicMock can't be used in 'await' expression
2024-10-09 23:37:12.440 | ERROR    | bot.database.policy_manager:create_or_update_policy:30 - Error setting up policy matches_insert_own: object MagicMock can't be used in 'await' expression
2024-10-09 23:37:12.440 | ERROR    | bot.database.policy_manager:create_or_update_policy:30 - Error setting up policy matches_update_own: object MagicMock can't be used in 'await' expression
2024-10-09 23:37:12.440 | ERROR    | bot.database.policy_manager:create_or_update_policy:30 - Error setting up policy matches_delete_own: object MagicMock can't be used in 'await' expression
2024-10-09 23:38:05.929 | INFO     | bot.database.db_operations:<module>:37 - Starting database operations
2024-10-09 23:38:05.949 | INFO     | bot.database.cron.cleanup:clean_up_empty_user_directories:35 - Checking for empty user directories to clean up.
2024-10-09 23:38:05.973 | INFO     | bot.database.cron.cleanup:clean_up_unused_media:10 - Starting cleanup of unused media files.
2024-10-09 23:38:06.187 | ERROR    | bot.main:main:14 - Error in main function: 'coroutine' object has no attribute 'initialize'
2024-10-09 23:38:06.196 | ERROR    | bot.database.policy_manager:create_or_update_policy:30 - Error setting up policy reports_select_own: object MagicMock can't be used in 'await' expression
2024-10-09 23:38:06.197 | ERROR    | bot.database.policy_manager:create_or_update_policy:30 - Error setting up policy reports_insert_own: object MagicMock can't be used in 'await' expression
2024-10-09 23:38:06.197 | ERROR    | bot.database.policy_manager:create_or_update_policy:30 - Error setting up policy reports_update_own: object MagicMock can't be used in 'await' expression
2024-10-09 23:38:06.197 | ERROR    | bot.database.policy_manager:create_or_update_policy:30 - Error setting up policy reports_delete_own: object MagicMock can't be used in 'await' expression
2024-10-09 23:38:06.197 | ERROR    | bot.database.policy_manager:create_or_update_policy:30 - Error setting up policy users_select_own: object MagicMock can't be used in 'await' expression
2024-10-09 23:38:06.198 | ERROR    | bot.database.policy_manager:create_or_update_policy:30 - Error setting up policy users_insert_any: object MagicMock can't be used in 'await' expression
2024-10-09 23:38:06.198 | ERROR    | bot.database.policy_manager:create_or_update_policy:30 - Error setting up policy users_update_any: object MagicMock can't be used in 'await' expression
2024-10-09 23:38:06.198 | ERROR    | bot.database.policy_manager:create_or_update_policy:30 - Error setting up policy users_delete_any: object MagicMock can't be used in 'await' expression
2024-10-09 23:38:06.198 | ERROR    | bot.database.policy_manager:create_or_update_policy:30 - Error setting up policy preferences_select_own: object MagicMock can't be used in 'await' expression
2024-10-09 23:38:06.198 | ERROR    | bot.database.policy_manager:create_or_update_policy:30 - Error setting up policy preferences_insert_own: object MagicMock can't be used in 'await' expression
2024-10-09 23:38:06.198 | ERROR    | bot.database.policy_manager:create_or_update_policy:30 - Error setting up policy preferences_update_own: object MagicMock can't be used in 'await' expression
2024-10-09 23:38:06.198 | ERROR    | bot.database.policy_manager:create_or_update_policy:30 - Error setting up policy preferences_delete_own: object MagicMock can't be used in 'await' expression
2024-10-09 23:38:06.199 | ERROR    | bot.database.policy_manager:create_or_update_policy:30 - Error setting up policy matches_select_own: object MagicMock can't be used in 'await' expression
2024-10-09 23:38:06.199 | ERROR    | bot.database.policy_manager:create_or_update_policy:30 - Error setting up policy matches_insert_own: object MagicMock can't be used in 'await' expression
2024-10-09 23:38:06.199 | ERROR    | bot.database.policy_manager:create_or_update_policy:30 - Error setting up policy matches_update_own: object MagicMock can't be used in 'await' expression
2024-10-09 23:38:06.199 | ERROR    | bot.database.policy_manager:create_or_update_policy:30 - Error setting up policy matches_delete_own: object MagicMock can't be used in 'await' expression
2024-10-09 23:38:52.627 | INFO     | bot.database.db_operations:<module>:37 - Starting database operations
2024-10-09 23:38:52.647 | INFO     | bot.database.cron.cleanup:clean_up_empty_user_directories:35 - Checking for empty user directories to clean up.
2024-10-09 23:38:52.671 | INFO     | bot.database.cron.cleanup:clean_up_unused_media:10 - Starting cleanup of unused media files.
2024-10-09 23:38:52.919 | ERROR    | bot.main:main:14 - Error in main function: 'coroutine' object has no attribute 'initialize'
2024-10-09 23:38:52.929 | ERROR    | bot.database.policy_manager:create_or_update_policy:30 - Error setting up policy reports_select_own: object MagicMock can't be used in 'await' expression
2024-10-09 23:38:52.929 | ERROR    | bot.database.policy_manager:create_or_update_policy:30 - Error setting up policy reports_insert_own: object MagicMock can't be used in 'await' expression
2024-10-09 23:38:52.929 | ERROR    | bot.database.policy_manager:create_or_update_policy:30 - Error setting up policy reports_update_own: object MagicMock can't be used in 'await' expression
2024-10-09 23:38:52.929 | ERROR    | bot.database.policy_manager:create_or_update_policy:30 - Error setting up policy reports_delete_own: object MagicMock can't be used in 'await' expression
2024-10-09 23:38:52.930 | ERROR    | bot.database.policy_manager:create_or_update_policy:30 - Error setting up policy users_select_own: object MagicMock can't be used in 'await' expression
2024-10-09 23:38:52.930 | ERROR    | bot.database.policy_manager:create_or_update_policy:30 - Error setting up policy users_insert_any: object MagicMock can't be used in 'await' expression
2024-10-09 23:38:52.930 | ERROR    | bot.database.policy_manager:create_or_update_policy:30 - Error setting up policy users_update_any: object MagicMock can't be used in 'await' expression
2024-10-09 23:38:52.930 | ERROR    | bot.database.policy_manager:create_or_update_policy:30 - Error setting up policy users_delete_any: object MagicMock can't be used in 'await' expression
2024-10-09 23:38:52.930 | ERROR    | bot.database.policy_manager:create_or_update_policy:30 - Error setting up policy preferences_select_own: object MagicMock can't be used in 'await' expression
2024-10-09 23:38:52.930 | ERROR    | bot.database.policy_manager:create_or_update_policy:30 - Error setting up policy preferences_insert_own: object MagicMock can't be used in 'await' expression
2024-10-09 23:38:52.931 | ERROR    | bot.database.policy_manager:create_or_update_policy:30 - Error setting up policy preferences_update_own: object MagicMock can't be used in 'await' expression
2024-10-09 23:38:52.931 | ERROR    | bot.database.policy_manager:create_or_update_policy:30 - Error setting up policy preferences_delete_own: object MagicMock can't be used in 'await' expression
2024-10-09 23:38:52.931 | ERROR    | bot.database.policy_manager:create_or_update_policy:30 - Error setting up policy matches_select_own: object MagicMock can't be used in 'await' expression
2024-10-09 23:38:52.931 | ERROR    | bot.database.policy_manager:create_or_update_policy:30 - Error setting up policy matches_insert_own: object MagicMock can't be used in 'await' expression
2024-10-09 23:38:52.931 | ERROR    | bot.database.policy_manager:create_or_update_policy:30 - Error setting up policy matches_update_own: object MagicMock can't be used in 'await' expression
2024-10-09 23:38:52.931 | ERROR    | bot.database.policy_manager:create_or_update_policy:30 - Error setting up policy matches_delete_own: object MagicMock can't be used in 'await' expression
2024-10-09 23:39:42.462 | INFO     | bot.database.db_operations:<module>:37 - Starting database operations
2024-10-09 23:39:42.482 | INFO     | bot.database.cron.cleanup:clean_up_empty_user_directories:35 - Checking for empty user directories to clean up.
2024-10-09 23:39:42.508 | INFO     | bot.database.cron.cleanup:clean_up_unused_media:10 - Starting cleanup of unused media files.
2024-10-09 23:39:42.696 | ERROR    | bot.main:main:14 - Error in main function: 'coroutine' object has no attribute 'initialize'
2024-10-09 23:39:42.705 | ERROR    | bot.database.policy_manager:create_or_update_policy:30 - Error setting up policy reports_select_own: object AsyncMock can't be used in 'await' expression
2024-10-09 23:39:42.706 | ERROR    | bot.database.policy_manager:create_or_update_policy:30 - Error setting up policy reports_insert_own: object AsyncMock can't be used in 'await' expression
2024-10-09 23:39:42.706 | ERROR    | bot.database.policy_manager:create_or_update_policy:30 - Error setting up policy reports_update_own: object AsyncMock can't be used in 'await' expression
2024-10-09 23:39:42.706 | ERROR    | bot.database.policy_manager:create_or_update_policy:30 - Error setting up policy reports_delete_own: object AsyncMock can't be used in 'await' expression
2024-10-09 23:39:42.706 | ERROR    | bot.database.policy_manager:create_or_update_policy:30 - Error setting up policy users_select_own: object AsyncMock can't be used in 'await' expression
2024-10-09 23:39:42.706 | ERROR    | bot.database.policy_manager:create_or_update_policy:30 - Error setting up policy users_insert_any: object AsyncMock can't be used in 'await' expression
2024-10-09 23:39:42.706 | ERROR    | bot.database.policy_manager:create_or_update_policy:30 - Error setting up policy users_update_any: object AsyncMock can't be used in 'await' expression
2024-10-09 23:39:42.707 | ERROR    | bot.database.policy_manager:create_or_update_policy:30 - Error setting up policy users_delete_any: object AsyncMock can't be used in 'await' expression
2024-10-09 23:39:42.707 | ERROR    | bot.database.policy_manager:create_or_update_policy:30 - Error setting up policy preferences_select_own: object AsyncMock can't be used in 'await' expression
2024-10-09 23:39:42.707 | ERROR    | bot.database.policy_manager:create_or_update_policy:30 - Error setting up policy preferences_insert_own: object AsyncMock can't be used in 'await' expression
2024-10-09 23:39:42.707 | ERROR    | bot.database.policy_manager:create_or_update_policy:30 - Error setting up policy preferences_update_own: object AsyncMock can't be used in 'await' expression
2024-10-09 23:39:42.707 | ERROR    | bot.database.policy_manager:create_or_update_policy:30 - Error setting up policy preferences_delete_own: object AsyncMock can't be used in 'await' expression
2024-10-09 23:39:42.708 | ERROR    | bot.database.policy_manager:create_or_update_policy:30 - Error setting up policy matches_select_own: object AsyncMock can't be used in 'await' expression
2024-10-09 23:39:42.708 | ERROR    | bot.database.policy_manager:create_or_update_policy:30 - Error setting up policy matches_insert_own: object AsyncMock can't be used in 'await' expression
2024-10-09 23:39:42.708 | ERROR    | bot.database.policy_manager:create_or_update_policy:30 - Error setting up policy matches_update_own: object AsyncMock can't be used in 'await' expression
2024-10-09 23:39:42.708 | ERROR    | bot.database.policy_manager:create_or_update_policy:30 - Error setting up policy matches_delete_own: object AsyncMock can't be used in 'await' expression
2024-10-09 23:40:22.315 | INFO     | bot.database.db_operations:<module>:37 - Starting database operations
2024-10-09 23:40:22.334 | INFO     | bot.database.cron.cleanup:clean_up_empty_user_directories:35 - Checking for empty user directories to clean up.
2024-10-09 23:40:22.358 | INFO     | bot.database.cron.cleanup:clean_up_unused_media:10 - Starting cleanup of unused media files.
2024-10-09 23:40:22.751 | ERROR    | bot.main:main:14 - Error in main function: 'coroutine' object has no attribute 'initialize'
2024-10-09 23:40:22.762 | ERROR    | bot.database.policy_manager:create_or_update_policy:30 - Error setting up policy reports_select_own: object AsyncMock can't be used in 'await' expression
2024-10-09 23:40:22.763 | ERROR    | bot.database.policy_manager:create_or_update_policy:30 - Error setting up policy reports_insert_own: object AsyncMock can't be used in 'await' expression
2024-10-09 23:40:22.763 | ERROR    | bot.database.policy_manager:create_or_update_policy:30 - Error setting up policy reports_update_own: object AsyncMock can't be used in 'await' expression
2024-10-09 23:40:22.763 | ERROR    | bot.database.policy_manager:create_or_update_policy:30 - Error setting up policy reports_delete_own: object AsyncMock can't be used in 'await' expression
2024-10-09 23:40:22.763 | ERROR    | bot.database.policy_manager:create_or_update_policy:30 - Error setting up policy users_select_own: object AsyncMock can't be used in 'await' expression
2024-10-09 23:40:22.763 | ERROR    | bot.database.policy_manager:create_or_update_policy:30 - Error setting up policy users_insert_any: object AsyncMock can't be used in 'await' expression
2024-10-09 23:40:22.764 | ERROR    | bot.database.policy_manager:create_or_update_policy:30 - Error setting up policy users_update_any: object AsyncMock can't be used in 'await' expression
2024-10-09 23:40:22.764 | ERROR    | bot.database.policy_manager:create_or_update_policy:30 - Error setting up policy users_delete_any: object AsyncMock can't be used in 'await' expression
2024-10-09 23:40:22.764 | ERROR    | bot.database.policy_manager:create_or_update_policy:30 - Error setting up policy preferences_select_own: object AsyncMock can't be used in 'await' expression
2024-10-09 23:40:22.764 | ERROR    | bot.database.policy_manager:create_or_update_policy:30 - Error setting up policy preferences_insert_own: object AsyncMock can't be used in 'await' expression
2024-10-09 23:40:22.764 | ERROR    | bot.database.policy_manager:create_or_update_policy:30 - Error setting up policy preferences_update_own: object AsyncMock can't be used in 'await' expression
2024-10-09 23:40:22.764 | ERROR    | bot.database.policy_manager:create_or_update_policy:30 - Error setting up policy preferences_delete_own: object AsyncMock can't be used in 'await' expression
2024-10-09 23:40:22.764 | ERROR    | bot.database.policy_manager:create_or_update_policy:30 - Error setting up policy matches_select_own: object AsyncMock can't be used in 'await' expression
2024-10-09 23:40:22.765 | ERROR    | bot.database.policy_manager:create_or_update_policy:30 - Error setting up policy matches_insert_own: object AsyncMock can't be used in 'await' expression
2024-10-09 23:40:22.765 | ERROR    | bot.database.policy_manager:create_or_update_policy:30 - Error setting up policy matches_update_own: object AsyncMock can't be used in 'await' expression
2024-10-09 23:40:22.765 | ERROR    | bot.database.policy_manager:create_or_update_policy:30 - Error setting up policy matches_delete_own: object AsyncMock can't be used in 'await' expression
2024-10-09 23:41:11.311 | INFO     | bot.database.db_operations:<module>:37 - Starting database operations
2024-10-09 23:41:11.330 | INFO     | bot.database.cron.cleanup:clean_up_empty_user_directories:35 - Checking for empty user directories to clean up.
2024-10-09 23:41:11.355 | INFO     | bot.database.cron.cleanup:clean_up_unused_media:10 - Starting cleanup of unused media files.
2024-10-09 23:41:11.560 | ERROR    | bot.main:main:14 - Error in main function: 'coroutine' object has no attribute 'initialize'
2024-10-09 23:41:11.570 | ERROR    | bot.database.policy_manager:create_or_update_policy:30 - Error setting up policy reports_select_own: object AsyncMock can't be used in 'await' expression
2024-10-09 23:41:11.570 | ERROR    | bot.database.policy_manager:create_or_update_policy:30 - Error setting up policy reports_insert_own: object AsyncMock can't be used in 'await' expression
2024-10-09 23:41:11.570 | ERROR    | bot.database.policy_manager:create_or_update_policy:30 - Error setting up policy reports_update_own: object AsyncMock can't be used in 'await' expression
2024-10-09 23:41:11.570 | ERROR    | bot.database.policy_manager:create_or_update_policy:30 - Error setting up policy reports_delete_own: object AsyncMock can't be used in 'await' expression
2024-10-09 23:41:11.570 | ERROR    | bot.database.policy_manager:create_or_update_policy:30 - Error setting up policy users_select_own: object AsyncMock can't be used in 'await' expression
2024-10-09 23:41:11.571 | ERROR    | bot.database.policy_manager:create_or_update_policy:30 - Error setting up policy users_insert_any: object AsyncMock can't be used in 'await' expression
2024-10-09 23:41:11.571 | ERROR    | bot.database.policy_manager:create_or_update_policy:30 - Error setting up policy users_update_any: object AsyncMock can't be used in 'await' expression
2024-10-09 23:41:11.571 | ERROR    | bot.database.policy_manager:create_or_update_policy:30 - Error setting up policy users_delete_any: object AsyncMock can't be used in 'await' expression
2024-10-09 23:41:11.571 | ERROR    | bot.database.policy_manager:create_or_update_policy:30 - Error setting up policy preferences_select_own: object AsyncMock can't be used in 'await' expression
2024-10-09 23:41:11.571 | ERROR    | bot.database.policy_manager:create_or_update_policy:30 - Error setting up policy preferences_insert_own: object AsyncMock can't be used in 'await' expression
2024-10-09 23:41:11.572 | ERROR    | bot.database.policy_manager:create_or_update_policy:30 - Error setting up policy preferences_update_own: object AsyncMock can't be used in 'await' expression
2024-10-09 23:41:11.572 | ERROR    | bot.database.policy_manager:create_or_update_policy:30 - Error setting up policy preferences_delete_own: object AsyncMock can't be used in 'await' expression
2024-10-09 23:41:11.572 | ERROR    | bot.database.policy_manager:create_or_update_policy:30 - Error setting up policy matches_select_own: object AsyncMock can't be used in 'await' expression
2024-10-09 23:41:11.572 | ERROR    | bot.database.policy_manager:create_or_update_policy:30 - Error setting up policy matches_insert_own: object AsyncMock can't be used in 'await' expression
2024-10-09 23:41:11.572 | ERROR    | bot.database.policy_manager:create_or_update_policy:30 - Error setting up policy matches_update_own: object AsyncMock can't be used in 'await' expression
2024-10-09 23:41:11.572 | ERROR    | bot.database.policy_manager:create_or_update_policy:30 - Error setting up policy matches_delete_own: object AsyncMock can't be used in 'await' expression
2024-10-09 23:43:07.986 | INFO     | bot.database.db_operations:<module>:37 - Starting database operations
2024-10-09 23:43:08.006 | INFO     | bot.database.cron.cleanup:clean_up_empty_user_directories:35 - Checking for empty user directories to clean up.
2024-10-09 23:43:08.031 | INFO     | bot.database.cron.cleanup:clean_up_unused_media:10 - Starting cleanup of unused media files.
2024-10-09 23:43:08.424 | ERROR    | bot.main:main:14 - Error in main function: 'coroutine' object has no attribute 'initialize'
2024-10-09 23:43:08.433 | ERROR    | bot.database.policy_manager:create_or_update_policy:30 - Error setting up policy reports_select_own: object AsyncMock can't be used in 'await' expression
2024-10-09 23:43:08.436 | ERROR    | bot.database.policy_manager:create_or_update_policy:30 - Error setting up policy reports_insert_own: object AsyncMock can't be used in 'await' expression
2024-10-09 23:43:08.436 | ERROR    | bot.database.policy_manager:create_or_update_policy:30 - Error setting up policy reports_update_own: object AsyncMock can't be used in 'await' expression
2024-10-09 23:43:08.436 | ERROR    | bot.database.policy_manager:create_or_update_policy:30 - Error setting up policy reports_delete_own: object AsyncMock can't be used in 'await' expression
2024-10-09 23:43:08.437 | ERROR    | bot.database.policy_manager:create_or_update_policy:30 - Error setting up policy users_select_own: object AsyncMock can't be used in 'await' expression
2024-10-09 23:43:08.437 | ERROR    | bot.database.policy_manager:create_or_update_policy:30 - Error setting up policy users_insert_any: object AsyncMock can't be used in 'await' expression
2024-10-09 23:43:08.437 | ERROR    | bot.database.policy_manager:create_or_update_policy:30 - Error setting up policy users_update_any: object AsyncMock can't be used in 'await' expression
2024-10-09 23:43:08.437 | ERROR    | bot.database.policy_manager:create_or_update_policy:30 - Error setting up policy users_delete_any: object AsyncMock can't be used in 'await' expression
2024-10-09 23:43:08.437 | ERROR    | bot.database.policy_manager:create_or_update_policy:30 - Error setting up policy preferences_select_own: object AsyncMock can't be used in 'await' expression
2024-10-09 23:43:08.437 | ERROR    | bot.database.policy_manager:create_or_update_policy:30 - Error setting up policy preferences_insert_own: object AsyncMock can't be used in 'await' expression
2024-10-09 23:43:08.438 | ERROR    | bot.database.policy_manager:create_or_update_policy:30 - Error setting up policy preferences_update_own: object AsyncMock can't be used in 'await' expression
2024-10-09 23:43:08.438 | ERROR    | bot.database.policy_manager:create_or_update_policy:30 - Error setting up policy preferences_delete_own: object AsyncMock can't be used in 'await' expression
2024-10-09 23:43:08.438 | ERROR    | bot.database.policy_manager:create_or_update_policy:30 - Error setting up policy matches_select_own: object AsyncMock can't be used in 'await' expression
2024-10-09 23:43:08.438 | ERROR    | bot.database.policy_manager:create_or_update_policy:30 - Error setting up policy matches_insert_own: object AsyncMock can't be used in 'await' expression
2024-10-09 23:43:08.438 | ERROR    | bot.database.policy_manager:create_or_update_policy:30 - Error setting up policy matches_update_own: object AsyncMock can't be used in 'await' expression
2024-10-09 23:43:08.438 | ERROR    | bot.database.policy_manager:create_or_update_policy:30 - Error setting up policy matches_delete_own: object AsyncMock can't be used in 'await' expression
2024-10-09 23:46:40.201 | INFO     | bot.database.db_operations:<module>:37 - Starting database operations
2024-10-09 23:46:40.221 | INFO     | bot.database.cron.cleanup:clean_up_empty_user_directories:35 - Checking for empty user directories to clean up.
2024-10-09 23:46:40.247 | INFO     | bot.database.cron.cleanup:clean_up_unused_media:10 - Starting cleanup of unused media files.
2024-10-09 23:46:40.695 | ERROR    | bot.main:main:14 - Error in main function: 'coroutine' object has no attribute 'initialize'
2024-10-09 23:46:40.706 | ERROR    | bot.database.policy_manager:create_or_update_policy:30 - Error setting up policy reports_select_own: object AsyncMock can't be used in 'await' expression
2024-10-09 23:46:40.706 | ERROR    | bot.database.policy_manager:create_or_update_policy:30 - Error setting up policy reports_insert_own: object AsyncMock can't be used in 'await' expression
2024-10-09 23:46:40.706 | ERROR    | bot.database.policy_manager:create_or_update_policy:30 - Error setting up policy reports_update_own: object AsyncMock can't be used in 'await' expression
2024-10-09 23:46:40.707 | ERROR    | bot.database.policy_manager:create_or_update_policy:30 - Error setting up policy reports_delete_own: object AsyncMock can't be used in 'await' expression
2024-10-09 23:46:40.707 | ERROR    | bot.database.policy_manager:create_or_update_policy:30 - Error setting up policy users_select_own: object AsyncMock can't be used in 'await' expression
2024-10-09 23:46:40.707 | ERROR    | bot.database.policy_manager:create_or_update_policy:30 - Error setting up policy users_insert_any: object AsyncMock can't be used in 'await' expression
2024-10-09 23:46:40.708 | ERROR    | bot.database.policy_manager:create_or_update_policy:30 - Error setting up policy users_update_any: object AsyncMock can't be used in 'await' expression
2024-10-09 23:46:40.708 | ERROR    | bot.database.policy_manager:create_or_update_policy:30 - Error setting up policy users_delete_any: object AsyncMock can't be used in 'await' expression
2024-10-09 23:46:40.708 | ERROR    | bot.database.policy_manager:create_or_update_policy:30 - Error setting up policy preferences_select_own: object AsyncMock can't be used in 'await' expression
2024-10-09 23:46:40.708 | ERROR    | bot.database.policy_manager:create_or_update_policy:30 - Error setting up policy preferences_insert_own: object AsyncMock can't be used in 'await' expression
2024-10-09 23:46:40.708 | ERROR    | bot.database.policy_manager:create_or_update_policy:30 - Error setting up policy preferences_update_own: object AsyncMock can't be used in 'await' expression
2024-10-09 23:46:40.708 | ERROR    | bot.database.policy_manager:create_or_update_policy:30 - Error setting up policy preferences_delete_own: object AsyncMock can't be used in 'await' expression
2024-10-09 23:46:40.709 | ERROR    | bot.database.policy_manager:create_or_update_policy:30 - Error setting up policy matches_select_own: object AsyncMock can't be used in 'await' expression
2024-10-09 23:46:40.709 | ERROR    | bot.database.policy_manager:create_or_update_policy:30 - Error setting up policy matches_insert_own: object AsyncMock can't be used in 'await' expression
2024-10-09 23:46:40.709 | ERROR    | bot.database.policy_manager:create_or_update_policy:30 - Error setting up policy matches_update_own: object AsyncMock can't be used in 'await' expression
2024-10-09 23:46:40.709 | ERROR    | bot.database.policy_manager:create_or_update_policy:30 - Error setting up policy matches_delete_own: object AsyncMock can't be used in 'await' expression
2024-10-09 23:48:53.043 | INFO     | bot.database.db_operations:<module>:37 - Starting database operations
2024-10-09 23:48:53.063 | INFO     | bot.database.cron.cleanup:clean_up_empty_user_directories:35 - Checking for empty user directories to clean up.
2024-10-09 23:48:53.089 | INFO     | bot.database.cron.cleanup:clean_up_unused_media:10 - Starting cleanup of unused media files.
2024-10-09 23:48:53.487 | ERROR    | bot.main:main:13 - Error in main function: 'coroutine' object has no attribute 'start'
2024-10-09 23:48:53.495 | ERROR    | bot.database.policy_manager:create_or_update_policy:30 - Error setting up policy reports_select_own: object AsyncMock can't be used in 'await' expression
2024-10-09 23:48:53.496 | ERROR    | bot.database.policy_manager:create_or_update_policy:30 - Error setting up policy reports_insert_own: object AsyncMock can't be used in 'await' expression
2024-10-09 23:48:53.496 | ERROR    | bot.database.policy_manager:create_or_update_policy:30 - Error setting up policy reports_update_own: object AsyncMock can't be used in 'await' expression
2024-10-09 23:48:53.496 | ERROR    | bot.database.policy_manager:create_or_update_policy:30 - Error setting up policy reports_delete_own: object AsyncMock can't be used in 'await' expression
2024-10-09 23:48:53.496 | ERROR    | bot.database.policy_manager:create_or_update_policy:30 - Error setting up policy users_select_own: object AsyncMock can't be used in 'await' expression
2024-10-09 23:48:53.497 | ERROR    | bot.database.policy_manager:create_or_update_policy:30 - Error setting up policy users_insert_any: object AsyncMock can't be used in 'await' expression
2024-10-09 23:48:53.497 | ERROR    | bot.database.policy_manager:create_or_update_policy:30 - Error setting up policy users_update_any: object AsyncMock can't be used in 'await' expression
2024-10-09 23:48:53.497 | ERROR    | bot.database.policy_manager:create_or_update_policy:30 - Error setting up policy users_delete_any: object AsyncMock can't be used in 'await' expression
2024-10-09 23:48:53.497 | ERROR    | bot.database.policy_manager:create_or_update_policy:30 - Error setting up policy preferences_select_own: object AsyncMock can't be used in 'await' expression
2024-10-09 23:48:53.497 | ERROR    | bot.database.policy_manager:create_or_update_policy:30 - Error setting up policy preferences_insert_own: object AsyncMock can't be used in 'await' expression
2024-10-09 23:48:53.497 | ERROR    | bot.database.policy_manager:create_or_update_policy:30 - Error setting up policy preferences_update_own: object AsyncMock can't be used in 'await' expression
2024-10-09 23:48:53.498 | ERROR    | bot.database.policy_manager:create_or_update_policy:30 - Error setting up policy preferences_delete_own: object AsyncMock can't be used in 'await' expression
2024-10-09 23:48:53.498 | ERROR    | bot.database.policy_manager:create_or_update_policy:30 - Error setting up policy matches_select_own: object AsyncMock can't be used in 'await' expression
2024-10-09 23:48:53.498 | ERROR    | bot.database.policy_manager:create_or_update_policy:30 - Error setting up policy matches_insert_own: object AsyncMock can't be used in 'await' expression
2024-10-09 23:48:53.498 | ERROR    | bot.database.policy_manager:create_or_update_policy:30 - Error setting up policy matches_update_own: object AsyncMock can't be used in 'await' expression
2024-10-09 23:48:53.498 | ERROR    | bot.database.policy_manager:create_or_update_policy:30 - Error setting up policy matches_delete_own: object AsyncMock can't be used in 'await' expression
2024-10-09 23:48:53.498 | ERROR    | bot.database.policy_manager:create_or_update_policy:30 - Error setting up policy service_role_insert: object AsyncMock can't be used in 'await' expression
2024-10-09 23:50:55.706 | INFO     | bot.database.db_operations:<module>:37 - Starting database operations
2024-10-09 23:50:55.726 | INFO     | bot.database.cron.cleanup:clean_up_empty_user_directories:35 - Checking for empty user directories to clean up.
2024-10-09 23:50:55.749 | INFO     | bot.database.cron.cleanup:clean_up_unused_media:10 - Starting cleanup of unused media files.
2024-10-09 23:50:56.182 | ERROR    | bot.main:main:13 - Error in main function: 'coroutine' object has no attribute 'start'
2024-10-09 23:50:56.190 | ERROR    | bot.database.policy_manager:create_or_update_policy:30 - Error setting up policy reports_select_own: object AsyncMock can't be used in 'await' expression
2024-10-09 23:50:56.190 | ERROR    | bot.database.policy_manager:create_or_update_policy:30 - Error setting up policy reports_insert_own: object AsyncMock can't be used in 'await' expression
2024-10-09 23:50:56.190 | ERROR    | bot.database.policy_manager:create_or_update_policy:30 - Error setting up policy reports_update_own: object AsyncMock can't be used in 'await' expression
2024-10-09 23:50:56.190 | ERROR    | bot.database.policy_manager:create_or_update_policy:30 - Error setting up policy reports_delete_own: object AsyncMock can't be used in 'await' expression
2024-10-09 23:50:56.191 | ERROR    | bot.database.policy_manager:create_or_update_policy:30 - Error setting up policy users_select_own: object AsyncMock can't be used in 'await' expression
2024-10-09 23:50:56.191 | ERROR    | bot.database.policy_manager:create_or_update_policy:30 - Error setting up policy users_insert_any: object AsyncMock can't be used in 'await' expression
2024-10-09 23:50:56.191 | ERROR    | bot.database.policy_manager:create_or_update_policy:30 - Error setting up policy users_update_any: object AsyncMock can't be used in 'await' expression
2024-10-09 23:50:56.191 | ERROR    | bot.database.policy_manager:create_or_update_policy:30 - Error setting up policy users_delete_any: object AsyncMock can't be used in 'await' expression
2024-10-09 23:50:56.191 | ERROR    | bot.database.policy_manager:create_or_update_policy:30 - Error setting up policy preferences_select_own: object AsyncMock can't be used in 'await' expression
2024-10-09 23:50:56.191 | ERROR    | bot.database.policy_manager:create_or_update_policy:30 - Error setting up policy preferences_insert_own: object AsyncMock can't be used in 'await' expression
2024-10-09 23:50:56.192 | ERROR    | bot.database.policy_manager:create_or_update_policy:30 - Error setting up policy preferences_update_own: object AsyncMock can't be used in 'await' expression
2024-10-09 23:50:56.192 | ERROR    | bot.database.policy_manager:create_or_update_policy:30 - Error setting up policy preferences_delete_own: object AsyncMock can't be used in 'await' expression
2024-10-09 23:50:56.192 | ERROR    | bot.database.policy_manager:create_or_update_policy:30 - Error setting up policy matches_select_own: object AsyncMock can't be used in 'await' expression
2024-10-09 23:50:56.192 | ERROR    | bot.database.policy_manager:create_or_update_policy:30 - Error setting up policy matches_insert_own: object AsyncMock can't be used in 'await' expression
2024-10-09 23:50:56.192 | ERROR    | bot.database.policy_manager:create_or_update_policy:30 - Error setting up policy matches_update_own: object AsyncMock can't be used in 'await' expression
2024-10-09 23:50:56.192 | ERROR    | bot.database.policy_manager:create_or_update_policy:30 - Error setting up policy matches_delete_own: object AsyncMock can't be used in 'await' expression
2024-10-09 23:50:56.192 | ERROR    | bot.database.policy_manager:create_or_update_policy:30 - Error setting up policy service_role_insert: object AsyncMock can't be used in 'await' expression
2024-10-09 23:51:35.201 | INFO     | bot.database.db_operations:<module>:37 - Starting database operations
2024-10-09 23:51:35.221 | INFO     | bot.database.cron.cleanup:clean_up_empty_user_directories:35 - Checking for empty user directories to clean up.
2024-10-09 23:51:35.246 | INFO     | bot.database.cron.cleanup:clean_up_unused_media:10 - Starting cleanup of unused media files.
2024-10-09 23:51:35.467 | ERROR    | bot.main:main:13 - Error in main function: 'coroutine' object has no attribute 'start'
2024-10-09 23:51:35.474 | ERROR    | bot.database.policy_manager:create_or_update_policy:30 - Error setting up policy reports_select_own: object AsyncMock can't be used in 'await' expression
2024-10-09 23:51:35.475 | ERROR    | bot.database.policy_manager:create_or_update_policy:30 - Error setting up policy reports_insert_own: object AsyncMock can't be used in 'await' expression
2024-10-09 23:51:35.475 | ERROR    | bot.database.policy_manager:create_or_update_policy:30 - Error setting up policy reports_update_own: object AsyncMock can't be used in 'await' expression
2024-10-09 23:51:35.475 | ERROR    | bot.database.policy_manager:create_or_update_policy:30 - Error setting up policy reports_delete_own: object AsyncMock can't be used in 'await' expression
2024-10-09 23:51:35.475 | ERROR    | bot.database.policy_manager:create_or_update_policy:30 - Error setting up policy users_select_own: object AsyncMock can't be used in 'await' expression
2024-10-09 23:51:35.475 | ERROR    | bot.database.policy_manager:create_or_update_policy:30 - Error setting up policy users_insert_any: object AsyncMock can't be used in 'await' expression
2024-10-09 23:51:35.475 | ERROR    | bot.database.policy_manager:create_or_update_policy:30 - Error setting up policy users_update_any: object AsyncMock can't be used in 'await' expression
2024-10-09 23:51:35.475 | ERROR    | bot.database.policy_manager:create_or_update_policy:30 - Error setting up policy users_delete_any: object AsyncMock can't be used in 'await' expression
2024-10-09 23:51:35.476 | ERROR    | bot.database.policy_manager:create_or_update_policy:30 - Error setting up policy preferences_select_own: object AsyncMock can't be used in 'await' expression
2024-10-09 23:51:35.476 | ERROR    | bot.database.policy_manager:create_or_update_policy:30 - Error setting up policy preferences_insert_own: object AsyncMock can't be used in 'await' expression
2024-10-09 23:51:35.476 | ERROR    | bot.database.policy_manager:create_or_update_policy:30 - Error setting up policy preferences_update_own: object AsyncMock can't be used in 'await' expression
2024-10-09 23:51:35.476 | ERROR    | bot.database.policy_manager:create_or_update_policy:30 - Error setting up policy preferences_delete_own: object AsyncMock can't be used in 'await' expression
2024-10-09 23:51:35.476 | ERROR    | bot.database.policy_manager:create_or_update_policy:30 - Error setting up policy matches_select_own: object AsyncMock can't be used in 'await' expression
2024-10-09 23:51:35.476 | ERROR    | bot.database.policy_manager:create_or_update_policy:30 - Error setting up policy matches_insert_own: object AsyncMock can't be used in 'await' expression
2024-10-09 23:51:35.476 | ERROR    | bot.database.policy_manager:create_or_update_policy:30 - Error setting up policy matches_update_own: object AsyncMock can't be used in 'await' expression
2024-10-09 23:51:35.476 | ERROR    | bot.database.policy_manager:create_or_update_policy:30 - Error setting up policy matches_delete_own: object AsyncMock can't be used in 'await' expression
2024-10-09 23:51:35.477 | ERROR    | bot.database.policy_manager:create_or_update_policy:30 - Error setting up policy service_role_insert: object AsyncMock can't be used in 'await' expression
2024-10-09 23:53:11.238 | INFO     | bot.database.db_operations:<module>:37 - Starting database operations
2024-10-09 23:53:11.259 | INFO     | bot.database.cron.cleanup:clean_up_empty_user_directories:35 - Checking for empty user directories to clean up.
2024-10-09 23:53:11.285 | INFO     | bot.database.cron.cleanup:clean_up_unused_media:10 - Starting cleanup of unused media files.
2024-10-09 23:53:11.665 | ERROR    | bot.main:main:13 - Error in main function: 'coroutine' object has no attribute 'start'
2024-10-09 23:53:11.674 | ERROR    | bot.database.policy_manager:create_or_update_policy:30 - Error setting up policy reports_select_own: object AsyncMock can't be used in 'await' expression
2024-10-09 23:53:11.674 | ERROR    | bot.database.policy_manager:create_or_update_policy:30 - Error setting up policy reports_insert_own: object AsyncMock can't be used in 'await' expression
2024-10-09 23:53:11.674 | ERROR    | bot.database.policy_manager:create_or_update_policy:30 - Error setting up policy reports_update_own: object AsyncMock can't be used in 'await' expression
2024-10-09 23:53:11.675 | ERROR    | bot.database.policy_manager:create_or_update_policy:30 - Error setting up policy reports_delete_own: object AsyncMock can't be used in 'await' expression
2024-10-09 23:53:11.675 | ERROR    | bot.database.policy_manager:create_or_update_policy:30 - Error setting up policy users_select_own: object AsyncMock can't be used in 'await' expression
2024-10-09 23:53:11.675 | ERROR    | bot.database.policy_manager:create_or_update_policy:30 - Error setting up policy users_insert_any: object AsyncMock can't be used in 'await' expression
2024-10-09 23:53:11.675 | ERROR    | bot.database.policy_manager:create_or_update_policy:30 - Error setting up policy users_update_any: object AsyncMock can't be used in 'await' expression
2024-10-09 23:53:11.675 | ERROR    | bot.database.policy_manager:create_or_update_policy:30 - Error setting up policy users_delete_any: object AsyncMock can't be used in 'await' expression
2024-10-09 23:53:11.675 | ERROR    | bot.database.policy_manager:create_or_update_policy:30 - Error setting up policy preferences_select_own: object AsyncMock can't be used in 'await' expression
2024-10-09 23:53:11.675 | ERROR    | bot.database.policy_manager:create_or_update_policy:30 - Error setting up policy preferences_insert_own: object AsyncMock can't be used in 'await' expression
2024-10-09 23:53:11.676 | ERROR    | bot.database.policy_manager:create_or_update_policy:30 - Error setting up policy preferences_update_own: object AsyncMock can't be used in 'await' expression
2024-10-09 23:53:11.676 | ERROR    | bot.database.policy_manager:create_or_update_policy:30 - Error setting up policy preferences_delete_own: object AsyncMock can't be used in 'await' expression
2024-10-09 23:53:11.676 | ERROR    | bot.database.policy_manager:create_or_update_policy:30 - Error setting up policy matches_select_own: object AsyncMock can't be used in 'await' expression
2024-10-09 23:53:11.676 | ERROR    | bot.database.policy_manager:create_or_update_policy:30 - Error setting up policy matches_insert_own: object AsyncMock can't be used in 'await' expression
2024-10-09 23:53:11.676 | ERROR    | bot.database.policy_manager:create_or_update_policy:30 - Error setting up policy matches_update_own: object AsyncMock can't be used in 'await' expression
2024-10-09 23:53:11.677 | ERROR    | bot.database.policy_manager:create_or_update_policy:30 - Error setting up policy matches_delete_own: object AsyncMock can't be used in 'await' expression
2024-10-09 23:53:11.677 | ERROR    | bot.database.policy_manager:create_or_update_policy:30 - Error setting up policy service_role_insert: object AsyncMock can't be used in 'await' expression
2024-10-09 23:54:41.592 | INFO     | bot.database.db_operations:<module>:37 - Starting database operations
2024-10-09 23:54:41.612 | INFO     | bot.database.cron.cleanup:clean_up_empty_user_directories:35 - Checking for empty user directories to clean up.
2024-10-09 23:54:41.635 | INFO     | bot.database.cron.cleanup:clean_up_unused_media:10 - Starting cleanup of unused media files.
2024-10-09 23:54:41.811 | ERROR    | bot.main:main:13 - Error in main function: 'coroutine' object has no attribute 'start'
2024-10-09 23:54:41.817 | ERROR    | bot.database.policy_manager:create_or_update_policy:30 - Error setting up policy reports_select_own: object AsyncMock can't be used in 'await' expression
2024-10-09 23:54:41.817 | ERROR    | bot.database.policy_manager:create_or_update_policy:30 - Error setting up policy reports_insert_own: object AsyncMock can't be used in 'await' expression
2024-10-09 23:54:41.817 | ERROR    | bot.database.policy_manager:create_or_update_policy:30 - Error setting up policy reports_update_own: object AsyncMock can't be used in 'await' expression
2024-10-09 23:54:41.817 | ERROR    | bot.database.policy_manager:create_or_update_policy:30 - Error setting up policy reports_delete_own: object AsyncMock can't be used in 'await' expression
2024-10-09 23:54:41.818 | ERROR    | bot.database.policy_manager:create_or_update_policy:30 - Error setting up policy users_select_own: object AsyncMock can't be used in 'await' expression
2024-10-09 23:54:41.818 | ERROR    | bot.database.policy_manager:create_or_update_policy:30 - Error setting up policy users_insert_any: object AsyncMock can't be used in 'await' expression
2024-10-09 23:54:41.818 | ERROR    | bot.database.policy_manager:create_or_update_policy:30 - Error setting up policy users_update_any: object AsyncMock can't be used in 'await' expression
2024-10-09 23:54:41.818 | ERROR    | bot.database.policy_manager:create_or_update_policy:30 - Error setting up policy users_delete_any: object AsyncMock can't be used in 'await' expression
2024-10-09 23:54:41.818 | ERROR    | bot.database.policy_manager:create_or_update_policy:30 - Error setting up policy preferences_select_own: object AsyncMock can't be used in 'await' expression
2024-10-09 23:54:41.818 | ERROR    | bot.database.policy_manager:create_or_update_policy:30 - Error setting up policy preferences_insert_own: object AsyncMock can't be used in 'await' expression
2024-10-09 23:54:41.818 | ERROR    | bot.database.policy_manager:create_or_update_policy:30 - Error setting up policy preferences_update_own: object AsyncMock can't be used in 'await' expression
2024-10-09 23:54:41.819 | ERROR    | bot.database.policy_manager:create_or_update_policy:30 - Error setting up policy preferences_delete_own: object AsyncMock can't be used in 'await' expression
2024-10-09 23:54:41.819 | ERROR    | bot.database.policy_manager:create_or_update_policy:30 - Error setting up policy matches_select_own: object AsyncMock can't be used in 'await' expression
2024-10-09 23:54:41.819 | ERROR    | bot.database.policy_manager:create_or_update_policy:30 - Error setting up policy matches_insert_own: object AsyncMock can't be used in 'await' expression
2024-10-09 23:54:41.819 | ERROR    | bot.database.policy_manager:create_or_update_policy:30 - Error setting up policy matches_update_own: object AsyncMock can't be used in 'await' expression
2024-10-09 23:54:41.819 | ERROR    | bot.database.policy_manager:create_or_update_policy:30 - Error setting up policy matches_delete_own: object AsyncMock can't be used in 'await' expression
2024-10-09 23:54:41.820 | ERROR    | bot.database.policy_manager:create_or_update_policy:30 - Error setting up policy service_role_insert: object AsyncMock can't be used in 'await' expression
2024-10-09 23:55:14.473 | INFO     | bot.database.db_operations:<module>:37 - Starting database operations
2024-10-09 23:55:14.493 | INFO     | bot.database.cron.cleanup:clean_up_empty_user_directories:35 - Checking for empty user directories to clean up.
2024-10-09 23:55:14.516 | INFO     | bot.database.cron.cleanup:clean_up_unused_media:10 - Starting cleanup of unused media files.
2024-10-09 23:55:14.904 | ERROR    | bot.main:main:13 - Error in main function: 'coroutine' object has no attribute 'start'
2024-10-09 23:55:14.912 | ERROR    | bot.database.policy_manager:create_or_update_policy:30 - Error setting up policy reports_select_own: object AsyncMock can't be used in 'await' expression
2024-10-09 23:55:14.912 | ERROR    | bot.database.policy_manager:create_or_update_policy:30 - Error setting up policy reports_insert_own: object AsyncMock can't be used in 'await' expression
2024-10-09 23:55:14.912 | ERROR    | bot.database.policy_manager:create_or_update_policy:30 - Error setting up policy reports_update_own: object AsyncMock can't be used in 'await' expression
2024-10-09 23:55:14.912 | ERROR    | bot.database.policy_manager:create_or_update_policy:30 - Error setting up policy reports_delete_own: object AsyncMock can't be used in 'await' expression
2024-10-09 23:55:14.913 | ERROR    | bot.database.policy_manager:create_or_update_policy:30 - Error setting up policy users_select_own: object AsyncMock can't be used in 'await' expression
2024-10-09 23:55:14.913 | ERROR    | bot.database.policy_manager:create_or_update_policy:30 - Error setting up policy users_insert_any: object AsyncMock can't be used in 'await' expression
2024-10-09 23:55:14.913 | ERROR    | bot.database.policy_manager:create_or_update_policy:30 - Error setting up policy users_update_any: object AsyncMock can't be used in 'await' expression
2024-10-09 23:55:14.913 | ERROR    | bot.database.policy_manager:create_or_update_policy:30 - Error setting up policy users_delete_any: object AsyncMock can't be used in 'await' expression
2024-10-09 23:55:14.913 | ERROR    | bot.database.policy_manager:create_or_update_policy:30 - Error setting up policy preferences_select_own: object AsyncMock can't be used in 'await' expression
2024-10-09 23:55:14.913 | ERROR    | bot.database.policy_manager:create_or_update_policy:30 - Error setting up policy preferences_insert_own: object AsyncMock can't be used in 'await' expression
2024-10-09 23:55:14.914 | ERROR    | bot.database.policy_manager:create_or_update_policy:30 - Error setting up policy preferences_update_own: object AsyncMock can't be used in 'await' expression
2024-10-09 23:55:14.914 | ERROR    | bot.database.policy_manager:create_or_update_policy:30 - Error setting up policy preferences_delete_own: object AsyncMock can't be used in 'await' expression
2024-10-09 23:55:14.914 | ERROR    | bot.database.policy_manager:create_or_update_policy:30 - Error setting up policy matches_select_own: object AsyncMock can't be used in 'await' expression
2024-10-09 23:55:14.914 | ERROR    | bot.database.policy_manager:create_or_update_policy:30 - Error setting up policy matches_insert_own: object AsyncMock can't be used in 'await' expression
2024-10-09 23:55:14.914 | ERROR    | bot.database.policy_manager:create_or_update_policy:30 - Error setting up policy matches_update_own: object AsyncMock can't be used in 'await' expression
2024-10-09 23:55:14.914 | ERROR    | bot.database.policy_manager:create_or_update_policy:30 - Error setting up policy matches_delete_own: object AsyncMock can't be used in 'await' expression
2024-10-09 23:55:14.915 | ERROR    | bot.database.policy_manager:create_or_update_policy:30 - Error setting up policy service_role_insert: object AsyncMock can't be used in 'await' expression
2024-10-09 23:55:47.558 | INFO     | bot.database.db_operations:<module>:37 - Starting database operations
2024-10-09 23:55:47.578 | INFO     | bot.database.cron.cleanup:clean_up_empty_user_directories:35 - Checking for empty user directories to clean up.
2024-10-09 23:55:47.601 | INFO     | bot.database.cron.cleanup:clean_up_unused_media:10 - Starting cleanup of unused media files.
2024-10-09 23:55:47.810 | ERROR    | bot.main:main:13 - Error in main function: 'coroutine' object has no attribute 'start'
2024-10-09 23:55:47.817 | ERROR    | bot.database.policy_manager:create_or_update_policy:30 - Error setting up policy reports_select_own: object AsyncMock can't be used in 'await' expression
2024-10-09 23:55:47.817 | ERROR    | bot.database.policy_manager:create_or_update_policy:30 - Error setting up policy reports_insert_own: object AsyncMock can't be used in 'await' expression
2024-10-09 23:55:47.817 | ERROR    | bot.database.policy_manager:create_or_update_policy:30 - Error setting up policy reports_update_own: object AsyncMock can't be used in 'await' expression
2024-10-09 23:55:47.817 | ERROR    | bot.database.policy_manager:create_or_update_policy:30 - Error setting up policy reports_delete_own: object AsyncMock can't be used in 'await' expression
2024-10-09 23:55:47.817 | ERROR    | bot.database.policy_manager:create_or_update_policy:30 - Error setting up policy users_select_own: object AsyncMock can't be used in 'await' expression
2024-10-09 23:55:47.817 | ERROR    | bot.database.policy_manager:create_or_update_policy:30 - Error setting up policy users_insert_any: object AsyncMock can't be used in 'await' expression
2024-10-09 23:55:47.818 | ERROR    | bot.database.policy_manager:create_or_update_policy:30 - Error setting up policy users_update_any: object AsyncMock can't be used in 'await' expression
2024-10-09 23:55:47.818 | ERROR    | bot.database.policy_manager:create_or_update_policy:30 - Error setting up policy users_delete_any: object AsyncMock can't be used in 'await' expression
2024-10-09 23:55:47.818 | ERROR    | bot.database.policy_manager:create_or_update_policy:30 - Error setting up policy preferences_select_own: object AsyncMock can't be used in 'await' expression
2024-10-09 23:55:47.818 | ERROR    | bot.database.policy_manager:create_or_update_policy:30 - Error setting up policy preferences_insert_own: object AsyncMock can't be used in 'await' expression
2024-10-09 23:55:47.818 | ERROR    | bot.database.policy_manager:create_or_update_policy:30 - Error setting up policy preferences_update_own: object AsyncMock can't be used in 'await' expression
2024-10-09 23:55:47.818 | ERROR    | bot.database.policy_manager:create_or_update_policy:30 - Error setting up policy preferences_delete_own: object AsyncMock can't be used in 'await' expression
2024-10-09 23:55:47.818 | ERROR    | bot.database.policy_manager:create_or_update_policy:30 - Error setting up policy matches_select_own: object AsyncMock can't be used in 'await' expression
2024-10-09 23:55:47.818 | ERROR    | bot.database.policy_manager:create_or_update_policy:30 - Error setting up policy matches_insert_own: object AsyncMock can't be used in 'await' expression
2024-10-09 23:55:47.819 | ERROR    | bot.database.policy_manager:create_or_update_policy:30 - Error setting up policy matches_update_own: object AsyncMock can't be used in 'await' expression
2024-10-09 23:55:47.819 | ERROR    | bot.database.policy_manager:create_or_update_policy:30 - Error setting up policy matches_delete_own: object AsyncMock can't be used in 'await' expression
2024-10-09 23:55:47.819 | ERROR    | bot.database.policy_manager:create_or_update_policy:30 - Error setting up policy service_role_insert: object AsyncMock can't be used in 'await' expression
2024-10-09 23:56:28.083 | INFO     | bot.database.db_operations:<module>:37 - Starting database operations
2024-10-09 23:56:28.103 | INFO     | bot.database.cron.cleanup:clean_up_empty_user_directories:35 - Checking for empty user directories to clean up.
2024-10-09 23:56:28.129 | INFO     | bot.database.cron.cleanup:clean_up_unused_media:10 - Starting cleanup of unused media files.
2024-10-09 23:56:29.146 | ERROR    | bot.main:main:14 - Error in main function: Cannot close a running event loop
2024-10-09 23:57:07.198 | INFO     | bot.database.db_operations:<module>:37 - Starting database operations
2024-10-09 23:57:07.218 | INFO     | bot.database.cron.cleanup:clean_up_empty_user_directories:35 - Checking for empty user directories to clean up.
2024-10-09 23:57:07.242 | INFO     | bot.database.cron.cleanup:clean_up_unused_media:10 - Starting cleanup of unused media files.
2024-10-09 23:57:08.360 | ERROR    | bot.main:main:14 - Error in main function: Cannot close a running event loop
2024-10-09 23:57:08.563 | ERROR    | bot.database.policy_manager:create_or_update_policy:36 - Error setting up policy reports_select_own: object AsyncMock can't be used in 'await' expression
2024-10-09 23:57:08.563 | ERROR    | bot.database.policy_manager:create_or_update_policy:36 - Error setting up policy users_select_own: object AsyncMock can't be used in 'await' expression
2024-10-09 23:57:54.730 | INFO     | bot.database.db_operations:<module>:37 - Starting database operations
2024-10-09 23:57:54.749 | INFO     | bot.database.cron.cleanup:clean_up_empty_user_directories:35 - Checking for empty user directories to clean up.
2024-10-09 23:57:54.773 | INFO     | bot.database.cron.cleanup:clean_up_unused_media:10 - Starting cleanup of unused media files.
2024-10-09 23:57:56.056 | ERROR    | bot.main:main:14 - Error in main function: Cannot close a running event loop
2024-10-09 23:57:56.262 | ERROR    | bot.database.policy_manager:create_or_update_policy:36 - Error setting up policy reports_select_own: object AsyncMock can't be used in 'await' expression
2024-10-09 23:57:56.262 | ERROR    | bot.database.policy_manager:create_or_update_policy:36 - Error setting up policy users_select_own: object AsyncMock can't be used in 'await' expression
2024-10-09 23:58:45.432 | INFO     | bot.database.db_operations:<module>:37 - Starting database operations
2024-10-09 23:58:45.451 | INFO     | bot.database.cron.cleanup:clean_up_empty_user_directories:35 - Checking for empty user directories to clean up.
2024-10-09 23:58:45.475 | INFO     | bot.database.cron.cleanup:clean_up_unused_media:10 - Starting cleanup of unused media files.
2024-10-09 23:58:46.806 | ERROR    | bot.main:main:14 - Error in main function: Cannot close a running event loop
2024-10-09 23:58:47.007 | ERROR    | bot.database.policy_manager:create_or_update_policy:36 - Error setting up policy reports_select_own: object AsyncMock can't be used in 'await' expression
2024-10-09 23:58:47.008 | ERROR    | bot.database.policy_manager:create_or_update_policy:36 - Error setting up policy users_select_own: object AsyncMock can't be used in 'await' expression
2024-10-10 00:00:40.365 | INFO     | bot.database.db_operations:<module>:37 - Starting database operations
2024-10-10 00:00:40.385 | INFO     | bot.database.cron.cleanup:clean_up_empty_user_directories:35 - Checking for empty user directories to clean up.
2024-10-10 00:00:40.409 | INFO     | bot.database.cron.cleanup:clean_up_unused_media:10 - Starting cleanup of unused media files.
2024-10-10 00:00:41.684 | ERROR    | bot.main:main:14 - Error in main function: Cannot close a running event loop
2024-10-10 00:00:41.886 | ERROR    | bot.database.policy_manager:create_or_update_policy:36 - Error setting up policy reports_select_own: object AsyncMock can't be used in 'await' expression
2024-10-10 00:00:41.886 | ERROR    | bot.database.policy_manager:create_or_update_policy:36 - Error setting up policy users_select_own: object AsyncMock can't be used in 'await' expression
2024-10-10 00:03:09.610 | INFO     | bot.database.db_operations:<module>:37 - Starting database operations
2024-10-10 00:03:09.629 | INFO     | bot.database.cron.cleanup:clean_up_empty_user_directories:35 - Checking for empty user directories to clean up.
2024-10-10 00:04:15.402 | INFO     | bot.database.db_operations:<module>:37 - Starting database operations
2024-10-10 00:04:15.422 | INFO     | bot.database.cron.cleanup:clean_up_empty_user_directories:35 - Checking for empty user directories to clean up.
2024-10-10 00:09:23.367 | INFO     | bot.database.db_operations:<module>:37 - Starting database operations
2024-10-10 00:09:23.387 | INFO     | bot.database.cron.cleanup:clean_up_empty_user_directories:35 - Checking for empty user directories to clean up.
2024-10-10 00:10:47.212 | INFO     | bot.database.db_operations:<module>:37 - Starting database operations
2024-10-10 00:10:47.231 | INFO     | bot.database.cron.cleanup:clean_up_empty_user_directories:35 - Checking for empty user directories to clean up.
2024-10-10 00:10:47.257 | INFO     | bot.database.cron.cleanup:clean_up_unused_media:10 - Starting cleanup of unused media files.
2024-10-10 00:10:48.603 | ERROR    | bot.main:main:14 - Error in main function: Cannot close a running event loop
2024-10-10 00:16:53.465 | INFO     | bot.database.db_operations:<module>:37 - Starting database operations
2024-10-10 00:16:53.485 | INFO     | bot.database.cron.cleanup:clean_up_empty_user_directories:35 - Checking for empty user directories to clean up.
2024-10-10 00:16:53.513 | INFO     | bot.database.cron.cleanup:clean_up_unused_media:10 - Starting cleanup of unused media files.
2024-10-10 00:16:55.354 | ERROR    | bot.main:main:14 - Error in main function: Cannot close a running event loop
2024-10-10 00:21:27.547 | INFO     | bot.database.db_operations:<module>:37 - Starting database operations
2024-10-10 00:21:27.567 | INFO     | bot.database.cron.cleanup:clean_up_empty_user_directories:35 - Checking for empty user directories to clean up.
2024-10-10 00:21:27.596 | INFO     | bot.database.cron.cleanup:clean_up_unused_media:10 - Starting cleanup of unused media files.
2024-10-10 00:21:29.115 | ERROR    | bot.main:main:14 - Error in main function: Cannot close a running event loop
2024-10-10 00:23:42.343 | INFO     | bot.database.db_operations:<module>:37 - Starting database operations
2024-10-10 00:23:42.363 | INFO     | bot.database.cron.cleanup:clean_up_empty_user_directories:35 - Checking for empty user directories to clean up.
2024-10-10 00:23:42.391 | INFO     | bot.database.cron.cleanup:clean_up_unused_media:10 - Starting cleanup of unused media files.
2024-10-10 00:23:43.762 | ERROR    | bot.main:main:14 - Error in main function: Cannot close a running event loop
2024-10-10 00:25:46.160 | INFO     | bot.database.db_operations:<module>:37 - Starting database operations
2024-10-10 00:25:46.181 | INFO     | bot.database.cron.cleanup:clean_up_empty_user_directories:35 - Checking for empty user directories to clean up.
2024-10-10 00:25:46.209 | INFO     | bot.database.cron.cleanup:clean_up_unused_media:10 - Starting cleanup of unused media files.
2024-10-10 00:25:47.733 | ERROR    | bot.main:main:14 - Error in main function: Cannot close a running event loop
2024-10-10 00:27:24.272 | INFO     | bot.database.db_operations:<module>:37 - Starting database operations
2024-10-10 00:27:24.292 | INFO     | bot.database.cron.cleanup:clean_up_empty_user_directories:35 - Checking for empty user directories to clean up.
2024-10-10 00:27:24.345 | INFO     | bot.database.cron.cleanup:clean_up_unused_media:10 - Starting cleanup of unused media files.
2024-10-10 00:27:24.535 | ERROR    | bot.database.db_operations:execute_sql:559 - Error in execute_sql: object SingleAPIResponse[TypeVar] can't be used in 'await' expression
2024-10-10 00:27:25.697 | ERROR    | bot.main:main:14 - Error in main function: Cannot close a running event loop
2024-10-10 00:27:25.948 | ERROR    | bot.database.db_operations:execute_sql:559 - Error in execute_sql: object SingleAPIResponse[TypeVar] can't be used in 'await' expression
2024-10-10 00:34:16.955 | INFO     | bot.database.db_operations:<module>:37 - Starting database operations
2024-10-10 00:34:16.975 | INFO     | bot.database.cron.cleanup:clean_up_empty_user_directories:35 - Checking for empty user directories to clean up.
2024-10-10 00:34:17.003 | INFO     | bot.database.cron.cleanup:clean_up_unused_media:10 - Starting cleanup of unused media files.
2024-10-10 00:34:17.350 | ERROR    | bot.database.db_operations:execute_sql:559 - Error in execute_sql: object SingleAPIResponse[TypeVar] can't be used in 'await' expression
2024-10-10 00:34:18.637 | ERROR    | bot.main:main:14 - Error in main function: Cannot close a running event loop
2024-10-10 00:34:19.020 | ERROR    | bot.database.db_operations:execute_sql:559 - Error in execute_sql: object SingleAPIResponse[TypeVar] can't be used in 'await' expression
2024-10-10 00:36:27.916 | INFO     | bot.database.db_operations:<module>:37 - Starting database operations
2024-10-10 00:36:27.938 | INFO     | bot.database.cron.cleanup:clean_up_empty_user_directories:35 - Checking for empty user directories to clean up.
2024-10-10 00:36:27.967 | INFO     | bot.database.cron.cleanup:clean_up_unused_media:10 - Starting cleanup of unused media files.
2024-10-10 00:36:28.285 | ERROR    | bot.database.db_operations:execute_sql:559 - Error in execute_sql: object SingleAPIResponse[TypeVar] can't be used in 'await' expression
2024-10-10 00:36:30.859 | ERROR    | bot.main:main:14 - Error in main function: Cannot close a running event loop
2024-10-10 00:36:31.096 | ERROR    | bot.database.db_operations:execute_sql:559 - Error in execute_sql: object SingleAPIResponse[TypeVar] can't be used in 'await' expression
2024-10-10 00:38:02.613 | INFO     | bot.database.db_operations:<module>:37 - Starting database operations
2024-10-10 00:38:02.633 | INFO     | bot.database.cron.cleanup:clean_up_empty_user_directories:35 - Checking for empty user directories to clean up.
2024-10-10 00:38:02.659 | INFO     | bot.database.cron.cleanup:clean_up_unused_media:10 - Starting cleanup of unused media files.
2024-10-10 00:38:02.790 | ERROR    | bot.database.db_operations:execute_sql:559 - Error in execute_sql: object SingleAPIResponse[TypeVar] can't be used in 'await' expression
2024-10-10 00:38:04.128 | ERROR    | bot.main:main:14 - Error in main function: Cannot close a running event loop
2024-10-10 00:38:04.373 | ERROR    | bot.database.db_operations:execute_sql:559 - Error in execute_sql: object SingleAPIResponse[TypeVar] can't be used in 'await' expression
2024-10-10 00:39:16.416 | INFO     | bot.database.db_operations:<module>:37 - Starting database operations
2024-10-10 00:39:16.436 | INFO     | bot.database.cron.cleanup:clean_up_empty_user_directories:35 - Checking for empty user directories to clean up.
2024-10-10 00:39:16.464 | INFO     | bot.database.cron.cleanup:clean_up_unused_media:10 - Starting cleanup of unused media files.
2024-10-10 00:39:16.775 | ERROR    | bot.database.db_operations:execute_sql:559 - Error in execute_sql: object SingleAPIResponse[TypeVar] can't be used in 'await' expression
2024-10-10 00:39:18.243 | ERROR    | bot.main:main:14 - Error in main function: Cannot close a running event loop
2024-10-10 00:39:18.489 | ERROR    | bot.database.db_operations:execute_sql:559 - Error in execute_sql: object SingleAPIResponse[TypeVar] can't be used in 'await' expression
