mode: atomic
github.com/meetsmatch/meetsmatch/internal/telemetry/instrumentation.go:14.77,21.16 2 1
github.com/meetsmatch/meetsmatch/internal/telemetry/instrumentation.go:21.16,23.3 1 1
github.com/meetsmatch/meetsmatch/internal/telemetry/instrumentation.go:26.2,31.16 2 0
github.com/meetsmatch/meetsmatch/internal/telemetry/instrumentation.go:31.16,33.3 1 0
github.com/meetsmatch/meetsmatch/internal/telemetry/instrumentation.go:35.2,35.16 1 0
github.com/meetsmatch/meetsmatch/internal/telemetry/instrumentation.go:39.56,43.2 2 0
github.com/meetsmatch/meetsmatch/internal/telemetry/instrumentation.go:46.70,50.2 2 0
github.com/meetsmatch/meetsmatch/internal/telemetry/logging.go:42.36,53.2 1 1
github.com/meetsmatch/meetsmatch/internal/telemetry/logging.go:62.52,63.19 1 1
github.com/meetsmatch/meetsmatch/internal/telemetry/logging.go:63.19,65.3 1 0
github.com/meetsmatch/meetsmatch/internal/telemetry/logging.go:67.2,70.22 2 1
github.com/meetsmatch/meetsmatch/internal/telemetry/logging.go:71.18,72.37 1 0
github.com/meetsmatch/meetsmatch/internal/telemetry/logging.go:73.17,74.36 1 1
github.com/meetsmatch/meetsmatch/internal/telemetry/logging.go:75.17,76.36 1 0
github.com/meetsmatch/meetsmatch/internal/telemetry/logging.go:77.18,78.37 1 0
github.com/meetsmatch/meetsmatch/internal/telemetry/logging.go:79.10,80.36 1 0
github.com/meetsmatch/meetsmatch/internal/telemetry/logging.go:84.2,84.29 1 1
github.com/meetsmatch/meetsmatch/internal/telemetry/logging.go:84.29,95.3 1 1
github.com/meetsmatch/meetsmatch/internal/telemetry/logging.go:95.8,100.3 1 0
github.com/meetsmatch/meetsmatch/internal/telemetry/logging.go:103.2,104.23 2 1
github.com/meetsmatch/meetsmatch/internal/telemetry/logging.go:105.16,106.21 1 1
github.com/meetsmatch/meetsmatch/internal/telemetry/logging.go:107.16,108.21 1 0
github.com/meetsmatch/meetsmatch/internal/telemetry/logging.go:109.10,111.22 1 0
github.com/meetsmatch/meetsmatch/internal/telemetry/logging.go:111.22,119.4 1 0
github.com/meetsmatch/meetsmatch/internal/telemetry/logging.go:119.9,121.18 2 0
github.com/meetsmatch/meetsmatch/internal/telemetry/logging.go:121.18,123.5 1 0
github.com/meetsmatch/meetsmatch/internal/telemetry/logging.go:124.4,124.17 1 0
github.com/meetsmatch/meetsmatch/internal/telemetry/logging.go:128.2,136.8 3 1
github.com/meetsmatch/meetsmatch/internal/telemetry/logging.go:146.69,150.65 2 1
github.com/meetsmatch/meetsmatch/internal/telemetry/logging.go:150.65,152.3 1 0
github.com/meetsmatch/meetsmatch/internal/telemetry/logging.go:155.2,156.34 2 1
github.com/meetsmatch/meetsmatch/internal/telemetry/logging.go:156.34,159.3 2 0
github.com/meetsmatch/meetsmatch/internal/telemetry/logging.go:161.2,164.3 1 1
github.com/meetsmatch/meetsmatch/internal/telemetry/logging.go:168.80,170.30 2 1
github.com/meetsmatch/meetsmatch/internal/telemetry/logging.go:170.30,172.3 1 0
github.com/meetsmatch/meetsmatch/internal/telemetry/logging.go:173.2,173.27 1 1
github.com/meetsmatch/meetsmatch/internal/telemetry/logging.go:173.27,175.3 1 3
github.com/meetsmatch/meetsmatch/internal/telemetry/logging.go:177.2,180.3 1 1
github.com/meetsmatch/meetsmatch/internal/telemetry/logging.go:184.88,186.2 1 0
github.com/meetsmatch/meetsmatch/internal/telemetry/logging.go:189.56,191.2 1 0
github.com/meetsmatch/meetsmatch/internal/telemetry/logging.go:194.72,196.2 1 0
github.com/meetsmatch/meetsmatch/internal/telemetry/logging.go:199.55,201.2 1 1
github.com/meetsmatch/meetsmatch/internal/telemetry/logging.go:204.71,206.2 1 0
github.com/meetsmatch/meetsmatch/internal/telemetry/logging.go:209.55,211.2 1 0
github.com/meetsmatch/meetsmatch/internal/telemetry/logging.go:214.71,216.2 1 0
github.com/meetsmatch/meetsmatch/internal/telemetry/logging.go:219.56,221.2 1 0
github.com/meetsmatch/meetsmatch/internal/telemetry/logging.go:224.72,226.2 1 0
github.com/meetsmatch/meetsmatch/internal/telemetry/logging.go:229.55,231.30 2 0
github.com/meetsmatch/meetsmatch/internal/telemetry/logging.go:231.30,233.3 1 0
github.com/meetsmatch/meetsmatch/internal/telemetry/logging.go:236.2,237.26 2 0
github.com/meetsmatch/meetsmatch/internal/telemetry/logging.go:237.26,239.10 2 0
github.com/meetsmatch/meetsmatch/internal/telemetry/logging.go:239.10,240.9 1 0
github.com/meetsmatch/meetsmatch/internal/telemetry/logging.go:242.3,242.73 1 0
github.com/meetsmatch/meetsmatch/internal/telemetry/logging.go:244.2,246.41 2 0
github.com/meetsmatch/meetsmatch/internal/telemetry/logging.go:253.83,254.25 1 0
github.com/meetsmatch/meetsmatch/internal/telemetry/logging.go:254.25,256.3 1 0
github.com/meetsmatch/meetsmatch/internal/telemetry/logging.go:257.2,257.66 1 0
github.com/meetsmatch/meetsmatch/internal/telemetry/logging.go:261.51,262.69 1 1
github.com/meetsmatch/meetsmatch/internal/telemetry/logging.go:262.69,264.3 1 0
github.com/meetsmatch/meetsmatch/internal/telemetry/logging.go:265.2,265.11 1 1
github.com/meetsmatch/meetsmatch/internal/telemetry/logging.go:269.32,271.2 1 0
github.com/meetsmatch/meetsmatch/internal/telemetry/logging.go:277.48,279.16 2 0
github.com/meetsmatch/meetsmatch/internal/telemetry/logging.go:279.16,281.3 1 0
github.com/meetsmatch/meetsmatch/internal/telemetry/logging.go:282.2,283.12 2 0
github.com/meetsmatch/meetsmatch/internal/telemetry/logging.go:287.32,288.25 1 1
github.com/meetsmatch/meetsmatch/internal/telemetry/logging.go:288.25,292.3 2 1
github.com/meetsmatch/meetsmatch/internal/telemetry/logging.go:293.2,293.21 1 1
github.com/meetsmatch/meetsmatch/internal/telemetry/logging.go:297.60,299.2 1 1
github.com/meetsmatch/meetsmatch/internal/telemetry/logging.go:302.65,304.2 1 1
github.com/meetsmatch/meetsmatch/internal/telemetry/otel.go:29.30,37.2 1 0
github.com/meetsmatch/meetsmatch/internal/telemetry/otel.go:47.53,48.21 1 1
github.com/meetsmatch/meetsmatch/internal/telemetry/otel.go:48.21,56.3 3 1
github.com/meetsmatch/meetsmatch/internal/telemetry/otel.go:58.2,62.16 3 0
github.com/meetsmatch/meetsmatch/internal/telemetry/otel.go:62.16,64.3 1 0
github.com/meetsmatch/meetsmatch/internal/telemetry/otel.go:67.2,68.16 2 0
github.com/meetsmatch/meetsmatch/internal/telemetry/otel.go:68.16,70.3 1 0
github.com/meetsmatch/meetsmatch/internal/telemetry/otel.go:73.2,74.16 2 0
github.com/meetsmatch/meetsmatch/internal/telemetry/otel.go:74.16,76.3 1 0
github.com/meetsmatch/meetsmatch/internal/telemetry/otel.go:79.2,90.8 4 0
github.com/meetsmatch/meetsmatch/internal/telemetry/otel.go:94.56,95.23 1 1
github.com/meetsmatch/meetsmatch/internal/telemetry/otel.go:95.23,97.3 1 1
github.com/meetsmatch/meetsmatch/internal/telemetry/otel.go:99.2,101.28 2 0
github.com/meetsmatch/meetsmatch/internal/telemetry/otel.go:101.28,102.55 1 0
github.com/meetsmatch/meetsmatch/internal/telemetry/otel.go:102.55,104.4 1 0
github.com/meetsmatch/meetsmatch/internal/telemetry/otel.go:107.2,107.29 1 0
github.com/meetsmatch/meetsmatch/internal/telemetry/otel.go:107.29,108.56 1 0
github.com/meetsmatch/meetsmatch/internal/telemetry/otel.go:108.56,110.4 1 0
github.com/meetsmatch/meetsmatch/internal/telemetry/otel.go:113.2,113.19 1 0
github.com/meetsmatch/meetsmatch/internal/telemetry/otel.go:113.19,115.3 1 0
github.com/meetsmatch/meetsmatch/internal/telemetry/otel.go:117.2,117.12 1 0
github.com/meetsmatch/meetsmatch/internal/telemetry/otel.go:121.70,130.2 1 0
github.com/meetsmatch/meetsmatch/internal/telemetry/otel.go:133.94,140.16 2 0
github.com/meetsmatch/meetsmatch/internal/telemetry/otel.go:140.16,142.3 1 0
github.com/meetsmatch/meetsmatch/internal/telemetry/otel.go:145.2,151.16 2 0
github.com/meetsmatch/meetsmatch/internal/telemetry/otel.go:155.95,162.16 2 0
github.com/meetsmatch/meetsmatch/internal/telemetry/otel.go:162.16,164.3 1 0
github.com/meetsmatch/meetsmatch/internal/telemetry/otel.go:167.2,172.16 2 0
github.com/meetsmatch/meetsmatch/internal/telemetry/otel.go:176.34,184.2 1 1
github.com/meetsmatch/meetsmatch/internal/telemetry/otel.go:187.83,189.16 2 1
github.com/meetsmatch/meetsmatch/internal/telemetry/otel.go:189.16,191.3 1 0
github.com/meetsmatch/meetsmatch/internal/telemetry/otel.go:194.2,194.16 1 1
github.com/meetsmatch/meetsmatch/internal/telemetry/otel.go:194.16,197.56 3 1
github.com/meetsmatch/meetsmatch/internal/telemetry/otel.go:197.56,203.4 2 0
github.com/meetsmatch/meetsmatch/internal/telemetry/otel.go:208.46,209.42 1 5
github.com/meetsmatch/meetsmatch/internal/telemetry/otel.go:209.42,211.3 1 0
github.com/meetsmatch/meetsmatch/internal/telemetry/otel.go:212.2,212.21 1 5
github.com/meetsmatch/meetsmatch/internal/errors/errors.go:42.35,43.21 1 13
github.com/meetsmatch/meetsmatch/internal/errors/errors.go:43.21,45.3 1 12
github.com/meetsmatch/meetsmatch/internal/errors/errors.go:46.2,46.49 1 1
github.com/meetsmatch/meetsmatch/internal/errors/errors.go:50.35,52.2 1 6
github.com/meetsmatch/meetsmatch/internal/errors/errors.go:55.45,57.2 1 0
github.com/meetsmatch/meetsmatch/internal/errors/errors.go:60.71,68.2 1 32
github.com/meetsmatch/meetsmatch/internal/errors/errors.go:71.93,74.18 3 10
github.com/meetsmatch/meetsmatch/internal/errors/errors.go:74.18,76.3 1 10
github.com/meetsmatch/meetsmatch/internal/errors/errors.go:77.2,77.12 1 10
github.com/meetsmatch/meetsmatch/internal/errors/errors.go:81.70,84.2 2 3
github.com/meetsmatch/meetsmatch/internal/errors/errors.go:87.58,90.2 2 1
github.com/meetsmatch/meetsmatch/internal/errors/errors.go:93.74,94.23 1 18
github.com/meetsmatch/meetsmatch/internal/errors/errors.go:94.23,96.3 1 12
github.com/meetsmatch/meetsmatch/internal/errors/errors.go:97.2,98.10 2 18
github.com/meetsmatch/meetsmatch/internal/errors/errors.go:102.57,105.2 2 1
github.com/meetsmatch/meetsmatch/internal/errors/errors.go:108.52,109.19 1 40
github.com/meetsmatch/meetsmatch/internal/errors/errors.go:110.27,111.31 1 11
github.com/meetsmatch/meetsmatch/internal/errors/errors.go:112.31,113.33 1 3
github.com/meetsmatch/meetsmatch/internal/errors/errors.go:114.30,115.30 1 3
github.com/meetsmatch/meetsmatch/internal/errors/errors.go:116.25,117.29 1 3
github.com/meetsmatch/meetsmatch/internal/errors/errors.go:118.25,119.29 1 0
github.com/meetsmatch/meetsmatch/internal/errors/errors.go:120.26,121.36 1 3
github.com/meetsmatch/meetsmatch/internal/errors/errors.go:122.24,123.35 1 2
github.com/meetsmatch/meetsmatch/internal/errors/errors.go:124.10,125.40 1 15
github.com/meetsmatch/meetsmatch/internal/errors/errors.go:132.58,135.2 1 3
github.com/meetsmatch/meetsmatch/internal/errors/errors.go:138.55,140.2 1 1
github.com/meetsmatch/meetsmatch/internal/errors/errors.go:143.54,145.2 1 1
github.com/meetsmatch/meetsmatch/internal/errors/errors.go:148.50,151.2 1 1
github.com/meetsmatch/meetsmatch/internal/errors/errors.go:154.49,156.2 1 0
github.com/meetsmatch/meetsmatch/internal/errors/errors.go:159.60,163.2 1 1
github.com/meetsmatch/meetsmatch/internal/errors/errors.go:166.62,168.2 1 3
github.com/meetsmatch/meetsmatch/internal/errors/errors.go:171.64,175.2 1 2
github.com/meetsmatch/meetsmatch/internal/errors/errors.go:178.61,182.2 1 1
github.com/meetsmatch/meetsmatch/internal/errors/errors.go:185.64,189.2 1 1
github.com/meetsmatch/meetsmatch/internal/errors/errors.go:192.73,197.2 1 1
github.com/meetsmatch/meetsmatch/internal/errors/errors.go:200.73,205.2 1 1
github.com/meetsmatch/meetsmatch/internal/errors/errors.go:208.55,209.39 1 3
github.com/meetsmatch/meetsmatch/internal/errors/errors.go:209.39,211.3 1 2
github.com/meetsmatch/meetsmatch/internal/errors/errors.go:212.2,212.14 1 1
github.com/meetsmatch/meetsmatch/internal/errors/errors.go:216.48,217.39 1 2
github.com/meetsmatch/meetsmatch/internal/errors/errors.go:217.39,219.3 1 1
github.com/meetsmatch/meetsmatch/internal/errors/errors.go:220.2,220.18 1 1
github.com/meetsmatch/meetsmatch/internal/errors/errors.go:224.41,225.39 1 3
github.com/meetsmatch/meetsmatch/internal/errors/errors.go:225.39,227.3 1 2
github.com/meetsmatch/meetsmatch/internal/errors/errors.go:228.2,228.11 1 1
github.com/meetsmatch/meetsmatch/internal/middleware/auth.go:19.85,23.2 1 0
github.com/meetsmatch/meetsmatch/internal/middleware/auth.go:26.75,27.70 1 0
github.com/meetsmatch/meetsmatch/internal/middleware/auth.go:27.70,30.28 2 0
github.com/meetsmatch/meetsmatch/internal/middleware/auth.go:30.28,32.4 1 0
github.com/meetsmatch/meetsmatch/internal/middleware/auth.go:32.9,32.41 1 0
github.com/meetsmatch/meetsmatch/internal/middleware/auth.go:32.41,34.4 1 0
github.com/meetsmatch/meetsmatch/internal/middleware/auth.go:34.9,38.4 2 0
github.com/meetsmatch/meetsmatch/internal/middleware/auth.go:41.3,43.17 3 0
github.com/meetsmatch/meetsmatch/internal/middleware/auth.go:43.17,54.4 3 0
github.com/meetsmatch/meetsmatch/internal/middleware/auth.go:57.3,68.23 3 0
github.com/meetsmatch/meetsmatch/internal/middleware/cache.go:71.104,76.2 1 13
github.com/meetsmatch/meetsmatch/internal/middleware/cache.go:79.128,80.19 1 0
github.com/meetsmatch/meetsmatch/internal/middleware/cache.go:80.19,82.3 1 0
github.com/meetsmatch/meetsmatch/internal/middleware/cache.go:84.2,84.45 1 0
github.com/meetsmatch/meetsmatch/internal/middleware/cache.go:84.45,85.22 1 0
github.com/meetsmatch/meetsmatch/internal/middleware/cache.go:85.22,87.4 1 0
github.com/meetsmatch/meetsmatch/internal/middleware/cache.go:90.3,91.18 2 0
github.com/meetsmatch/meetsmatch/internal/middleware/cache.go:91.18,93.4 1 0
github.com/meetsmatch/meetsmatch/internal/middleware/cache.go:96.3,96.60 1 0
github.com/meetsmatch/meetsmatch/internal/middleware/cache.go:96.60,98.4 1 0
github.com/meetsmatch/meetsmatch/internal/middleware/cache.go:101.3,105.69 3 0
github.com/meetsmatch/meetsmatch/internal/middleware/cache.go:105.69,117.4 3 0
github.com/meetsmatch/meetsmatch/internal/middleware/cache.go:120.3,129.73 3 0
github.com/meetsmatch/meetsmatch/internal/middleware/cache.go:134.110,136.2 1 1
github.com/meetsmatch/meetsmatch/internal/middleware/cache.go:139.107,143.2 3 2
github.com/meetsmatch/meetsmatch/internal/middleware/cache.go:146.102,149.2 2 2
github.com/meetsmatch/meetsmatch/internal/middleware/cache.go:152.103,157.2 4 2
github.com/meetsmatch/meetsmatch/internal/middleware/cache.go:160.67,164.2 3 0
github.com/meetsmatch/meetsmatch/internal/middleware/cache.go:167.108,170.2 2 2
github.com/meetsmatch/meetsmatch/internal/middleware/cache.go:173.104,178.2 4 2
github.com/meetsmatch/meetsmatch/internal/middleware/cache.go:181.110,184.2 2 1
github.com/meetsmatch/meetsmatch/internal/middleware/cache.go:187.104,192.2 4 1
github.com/meetsmatch/meetsmatch/internal/middleware/cache.go:195.64,206.45 3 0
github.com/meetsmatch/meetsmatch/internal/middleware/cache.go:206.45,211.3 1 0
github.com/meetsmatch/meetsmatch/internal/middleware/cache.go:214.2,214.48 1 0
github.com/meetsmatch/meetsmatch/internal/middleware/cache.go:214.48,219.3 1 0
github.com/meetsmatch/meetsmatch/internal/middleware/cache.go:221.2,225.12 2 0
github.com/meetsmatch/meetsmatch/internal/middleware/cache.go:229.52,239.44 2 0
github.com/meetsmatch/meetsmatch/internal/middleware/cache.go:239.44,240.40 1 0
github.com/meetsmatch/meetsmatch/internal/middleware/cache.go:240.40,241.84 1 0
github.com/meetsmatch/meetsmatch/internal/middleware/cache.go:241.84,249.5 2 0
github.com/meetsmatch/meetsmatch/internal/middleware/cache.go:253.2,253.12 1 0
github.com/meetsmatch/meetsmatch/internal/middleware/cache.go:257.55,267.45 2 0
github.com/meetsmatch/meetsmatch/internal/middleware/cache.go:267.45,269.69 2 0
github.com/meetsmatch/meetsmatch/internal/middleware/cache.go:269.69,277.4 2 0
github.com/meetsmatch/meetsmatch/internal/middleware/cache.go:280.2,280.12 1 0
github.com/meetsmatch/meetsmatch/internal/middleware/cache.go:284.73,289.2 4 0
github.com/meetsmatch/meetsmatch/internal/middleware/cache.go:294.72,295.27 1 0
github.com/meetsmatch/meetsmatch/internal/middleware/cache.go:295.27,297.3 1 0
github.com/meetsmatch/meetsmatch/internal/middleware/cache.go:298.2,298.33 1 0
github.com/meetsmatch/meetsmatch/internal/middleware/cache.go:298.33,299.42 1 0
github.com/meetsmatch/meetsmatch/internal/middleware/cache.go:299.42,301.4 1 0
github.com/meetsmatch/meetsmatch/internal/middleware/cache.go:302.3,302.75 1 0
github.com/meetsmatch/meetsmatch/internal/middleware/cache.go:304.2,304.17 1 0
github.com/meetsmatch/meetsmatch/internal/middleware/cache.go:308.93,309.39 1 5
github.com/meetsmatch/meetsmatch/internal/middleware/cache.go:309.39,310.45 1 12
github.com/meetsmatch/meetsmatch/internal/middleware/cache.go:310.45,312.4 1 3
github.com/meetsmatch/meetsmatch/internal/middleware/cache.go:314.2,314.14 1 2
github.com/meetsmatch/meetsmatch/internal/middleware/cache.go:318.93,322.2 2 3
github.com/meetsmatch/meetsmatch/internal/middleware/cache.go:325.104,336.2 3 0
github.com/meetsmatch/meetsmatch/internal/middleware/cache.go:339.138,342.16 2 0
github.com/meetsmatch/meetsmatch/internal/middleware/cache.go:342.16,344.3 1 0
github.com/meetsmatch/meetsmatch/internal/middleware/cache.go:347.2,358.82 3 0
github.com/meetsmatch/meetsmatch/internal/middleware/cache.go:358.82,367.3 2 0
github.com/meetsmatch/meetsmatch/internal/middleware/cache.go:369.2,369.12 1 0
github.com/meetsmatch/meetsmatch/internal/middleware/cache.go:375.75,378.2 2 0
github.com/meetsmatch/meetsmatch/internal/middleware/cache.go:381.46,383.2 1 0
github.com/meetsmatch/meetsmatch/internal/middleware/cache.go:386.62,388.2 1 0
github.com/meetsmatch/meetsmatch/internal/middleware/cache.go:391.61,392.27 1 0
github.com/meetsmatch/meetsmatch/internal/middleware/cache.go:392.27,393.50 1 0
github.com/meetsmatch/meetsmatch/internal/middleware/cache.go:393.50,400.4 2 0
github.com/meetsmatch/meetsmatch/internal/middleware/cache.go:402.2,402.12 1 0
github.com/meetsmatch/meetsmatch/internal/middleware/cache.go:408.47,409.28 1 0
github.com/meetsmatch/meetsmatch/internal/middleware/cache.go:409.28,411.3 1 0
github.com/meetsmatch/meetsmatch/internal/middleware/cache.go:412.2,412.12 1 0
github.com/meetsmatch/meetsmatch/internal/middleware/error_handler.go:20.71,24.2 1 13
github.com/meetsmatch/meetsmatch/internal/middleware/error_handler.go:27.83,28.70 1 0
github.com/meetsmatch/meetsmatch/internal/middleware/error_handler.go:28.70,29.16 1 0
github.com/meetsmatch/meetsmatch/internal/middleware/error_handler.go:29.16,30.32 1 0
github.com/meetsmatch/meetsmatch/internal/middleware/error_handler.go:30.32,49.5 7 0
github.com/meetsmatch/meetsmatch/internal/middleware/error_handler.go:52.3,52.23 1 0
github.com/meetsmatch/meetsmatch/internal/middleware/error_handler.go:57.113,59.2 1 14
github.com/meetsmatch/meetsmatch/internal/middleware/error_handler.go:62.113,67.42 3 14
github.com/meetsmatch/meetsmatch/internal/middleware/error_handler.go:67.42,69.33 2 13
github.com/meetsmatch/meetsmatch/internal/middleware/error_handler.go:69.33,71.4 1 13
github.com/meetsmatch/meetsmatch/internal/middleware/error_handler.go:72.8,76.3 1 1
github.com/meetsmatch/meetsmatch/internal/middleware/error_handler.go:79.2,82.40 2 14
github.com/meetsmatch/meetsmatch/internal/middleware/error_handler.go:86.91,88.32 2 14
github.com/meetsmatch/meetsmatch/internal/middleware/error_handler.go:88.32,90.3 1 14
github.com/meetsmatch/meetsmatch/internal/middleware/error_handler.go:92.2,100.19 2 14
github.com/meetsmatch/meetsmatch/internal/middleware/error_handler.go:100.19,101.28 1 14
github.com/meetsmatch/meetsmatch/internal/middleware/error_handler.go:101.28,107.4 1 14
github.com/meetsmatch/meetsmatch/internal/middleware/error_handler.go:107.9,107.41 1 0
github.com/meetsmatch/meetsmatch/internal/middleware/error_handler.go:107.41,112.4 1 0
github.com/meetsmatch/meetsmatch/internal/middleware/error_handler.go:116.2,116.36 1 14
github.com/meetsmatch/meetsmatch/internal/middleware/error_handler.go:116.36,118.3 1 10
github.com/meetsmatch/meetsmatch/internal/middleware/error_handler.go:121.2,121.25 1 14
github.com/meetsmatch/meetsmatch/internal/middleware/error_handler.go:121.25,123.3 1 1
github.com/meetsmatch/meetsmatch/internal/middleware/error_handler.go:126.2,126.26 1 14
github.com/meetsmatch/meetsmatch/internal/middleware/error_handler.go:126.26,128.3 1 1
github.com/meetsmatch/meetsmatch/internal/middleware/error_handler.go:131.2,131.21 1 14
github.com/meetsmatch/meetsmatch/internal/middleware/error_handler.go:132.97,133.30 1 8
github.com/meetsmatch/meetsmatch/internal/middleware/error_handler.go:134.58,135.30 1 2
github.com/meetsmatch/meetsmatch/internal/middleware/error_handler.go:136.33,137.30 1 1
github.com/meetsmatch/meetsmatch/internal/middleware/error_handler.go:138.10,140.31 1 3
github.com/meetsmatch/meetsmatch/internal/middleware/error_handler.go:145.112,147.17 2 14
github.com/meetsmatch/meetsmatch/internal/middleware/error_handler.go:147.17,149.3 1 0
github.com/meetsmatch/meetsmatch/internal/middleware/error_handler.go:152.2,152.14 1 14
github.com/meetsmatch/meetsmatch/internal/middleware/error_handler.go:152.14,154.3 1 14
github.com/meetsmatch/meetsmatch/internal/middleware/error_handler.go:156.2,159.15 2 0
github.com/meetsmatch/meetsmatch/internal/middleware/error_handler.go:159.15,160.31 1 0
github.com/meetsmatch/meetsmatch/internal/middleware/error_handler.go:160.31,163.4 1 0
github.com/meetsmatch/meetsmatch/internal/middleware/error_handler.go:167.2,167.9 1 0
github.com/meetsmatch/meetsmatch/internal/middleware/error_handler.go:167.9,168.16 1 0
github.com/meetsmatch/meetsmatch/internal/middleware/error_handler.go:168.16,169.32 1 0
github.com/meetsmatch/meetsmatch/internal/middleware/error_handler.go:169.32,172.5 1 0
github.com/meetsmatch/meetsmatch/internal/middleware/error_handler.go:175.3,180.17 2 0
github.com/meetsmatch/meetsmatch/internal/middleware/error_handler.go:180.17,183.4 1 0
github.com/meetsmatch/meetsmatch/internal/middleware/error_handler.go:188.73,189.27 1 14
github.com/meetsmatch/meetsmatch/internal/middleware/error_handler.go:189.27,191.3 1 14
github.com/meetsmatch/meetsmatch/internal/middleware/error_handler.go:192.2,192.33 1 0
github.com/meetsmatch/meetsmatch/internal/middleware/error_handler.go:192.33,194.50 1 0
github.com/meetsmatch/meetsmatch/internal/middleware/error_handler.go:194.50,196.4 1 0
github.com/meetsmatch/meetsmatch/internal/middleware/error_handler.go:198.2,198.10 1 0
github.com/meetsmatch/meetsmatch/internal/middleware/error_handler.go:202.89,203.21 1 4
github.com/meetsmatch/meetsmatch/internal/middleware/error_handler.go:204.34,205.62 1 1
github.com/meetsmatch/meetsmatch/internal/middleware/error_handler.go:206.38,207.57 1 1
github.com/meetsmatch/meetsmatch/internal/middleware/error_handler.go:208.37,209.66 1 0
github.com/meetsmatch/meetsmatch/internal/middleware/error_handler.go:210.32,211.49 1 1
github.com/meetsmatch/meetsmatch/internal/middleware/error_handler.go:212.32,213.78 1 0
github.com/meetsmatch/meetsmatch/internal/middleware/error_handler.go:214.33,215.88 1 0
github.com/meetsmatch/meetsmatch/internal/middleware/error_handler.go:216.31,217.59 1 0
github.com/meetsmatch/meetsmatch/internal/middleware/error_handler.go:218.32,219.85 1 0
github.com/meetsmatch/meetsmatch/internal/middleware/error_handler.go:220.32,221.65 1 0
github.com/meetsmatch/meetsmatch/internal/middleware/error_handler.go:222.29,223.59 1 0
github.com/meetsmatch/meetsmatch/internal/middleware/error_handler.go:224.32,225.63 1 0
github.com/meetsmatch/meetsmatch/internal/middleware/error_handler.go:226.10,227.61 1 1
github.com/meetsmatch/meetsmatch/internal/middleware/error_handler.go:232.86,233.16 1 3
github.com/meetsmatch/meetsmatch/internal/middleware/error_handler.go:233.16,235.3 1 0
github.com/meetsmatch/meetsmatch/internal/middleware/error_handler.go:238.2,240.47 3 3
github.com/meetsmatch/meetsmatch/internal/middleware/error_handler.go:244.110,245.70 1 3
github.com/meetsmatch/meetsmatch/internal/middleware/error_handler.go:245.70,246.49 1 3
github.com/meetsmatch/meetsmatch/internal/middleware/error_handler.go:246.49,248.4 1 2
github.com/meetsmatch/meetsmatch/internal/middleware/logging.go:50.54,57.2 2 0
github.com/meetsmatch/meetsmatch/internal/middleware/logging.go:60.46,64.2 1 3
github.com/meetsmatch/meetsmatch/internal/middleware/logging.go:67.81,68.70 1 0
github.com/meetsmatch/meetsmatch/internal/middleware/logging.go:68.70,79.16 5 0
github.com/meetsmatch/meetsmatch/internal/middleware/logging.go:79.16,82.32 2 0
github.com/meetsmatch/meetsmatch/internal/middleware/logging.go:82.32,93.5 5 0
github.com/meetsmatch/meetsmatch/internal/middleware/logging.go:93.10,98.5 1 0
github.com/meetsmatch/meetsmatch/internal/middleware/logging.go:101.3,101.23 1 0
github.com/meetsmatch/meetsmatch/internal/middleware/logging.go:106.95,107.27 1 0
github.com/meetsmatch/meetsmatch/internal/middleware/logging.go:107.27,113.22 3 0
github.com/meetsmatch/meetsmatch/internal/middleware/logging.go:113.22,115.4 1 0
github.com/meetsmatch/meetsmatch/internal/middleware/logging.go:116.3,116.72 1 0
github.com/meetsmatch/meetsmatch/internal/middleware/logging.go:117.8,117.40 1 0
github.com/meetsmatch/meetsmatch/internal/middleware/logging.go:117.40,124.3 3 0
github.com/meetsmatch/meetsmatch/internal/middleware/logging.go:124.8,124.38 1 0
github.com/meetsmatch/meetsmatch/internal/middleware/logging.go:124.38,131.3 3 0
github.com/meetsmatch/meetsmatch/internal/middleware/logging.go:131.8,133.3 1 0
github.com/meetsmatch/meetsmatch/internal/middleware/logging.go:137.87,138.15 1 0
github.com/meetsmatch/meetsmatch/internal/middleware/logging.go:138.15,140.31 1 0
github.com/meetsmatch/meetsmatch/internal/middleware/logging.go:140.31,147.4 2 0
github.com/meetsmatch/meetsmatch/internal/middleware/logging.go:150.2,151.27 2 0
github.com/meetsmatch/meetsmatch/internal/middleware/logging.go:151.27,153.3 1 0
github.com/meetsmatch/meetsmatch/internal/middleware/logging.go:153.8,153.40 1 0
github.com/meetsmatch/meetsmatch/internal/middleware/logging.go:153.40,155.50 1 0
github.com/meetsmatch/meetsmatch/internal/middleware/logging.go:155.50,157.4 1 0
github.com/meetsmatch/meetsmatch/internal/middleware/logging.go:158.8,160.3 1 0
github.com/meetsmatch/meetsmatch/internal/middleware/logging.go:162.2,162.17 1 0
github.com/meetsmatch/meetsmatch/internal/middleware/logging.go:162.17,164.3 1 0
github.com/meetsmatch/meetsmatch/internal/middleware/logging.go:167.2,170.4 1 0
github.com/meetsmatch/meetsmatch/internal/middleware/logging.go:174.124,176.2 1 0
github.com/meetsmatch/meetsmatch/internal/middleware/logging.go:179.127,181.2 1 0
github.com/meetsmatch/meetsmatch/internal/middleware/logging.go:184.112,186.2 1 0
github.com/meetsmatch/meetsmatch/internal/middleware/logging.go:189.157,191.35 1 0
github.com/meetsmatch/meetsmatch/internal/middleware/logging.go:191.35,200.3 3 0
github.com/meetsmatch/meetsmatch/internal/middleware/logging.go:202.2,213.19 2 0
github.com/meetsmatch/meetsmatch/internal/middleware/logging.go:213.19,214.28 1 0
github.com/meetsmatch/meetsmatch/internal/middleware/logging.go:214.28,215.34 1 0
github.com/meetsmatch/meetsmatch/internal/middleware/logging.go:215.34,217.5 1 0
github.com/meetsmatch/meetsmatch/internal/middleware/logging.go:218.4,219.32 2 0
github.com/meetsmatch/meetsmatch/internal/middleware/logging.go:220.9,220.41 1 0
github.com/meetsmatch/meetsmatch/internal/middleware/logging.go:220.41,223.51 2 0
github.com/meetsmatch/meetsmatch/internal/middleware/logging.go:223.51,225.5 1 0
github.com/meetsmatch/meetsmatch/internal/middleware/logging.go:226.4,226.39 1 0
github.com/meetsmatch/meetsmatch/internal/middleware/logging.go:227.9,227.39 1 0
github.com/meetsmatch/meetsmatch/internal/middleware/logging.go:227.39,230.4 2 0
github.com/meetsmatch/meetsmatch/internal/middleware/logging.go:234.2,235.16 2 0
github.com/meetsmatch/meetsmatch/internal/middleware/logging.go:235.16,249.3 4 0
github.com/meetsmatch/meetsmatch/internal/middleware/logging.go:251.2,251.43 1 0
github.com/meetsmatch/meetsmatch/internal/middleware/logging.go:255.51,256.56 1 14
github.com/meetsmatch/meetsmatch/internal/middleware/logging.go:256.56,258.3 1 0
github.com/meetsmatch/meetsmatch/internal/middleware/logging.go:259.2,259.18 1 14
github.com/meetsmatch/meetsmatch/internal/middleware/logging_middleware.go:22.44,33.2 1 0
github.com/meetsmatch/meetsmatch/internal/middleware/logging_middleware.go:36.63,37.19 1 0
github.com/meetsmatch/meetsmatch/internal/middleware/logging_middleware.go:37.19,39.3 1 0
github.com/meetsmatch/meetsmatch/internal/middleware/logging_middleware.go:41.2,41.30 1 0
github.com/meetsmatch/meetsmatch/internal/middleware/logging_middleware.go:41.30,43.41 1 0
github.com/meetsmatch/meetsmatch/internal/middleware/logging_middleware.go:43.41,44.34 1 0
github.com/meetsmatch/meetsmatch/internal/middleware/logging_middleware.go:44.34,47.5 2 0
github.com/meetsmatch/meetsmatch/internal/middleware/logging_middleware.go:50.3,54.26 3 0
github.com/meetsmatch/meetsmatch/internal/middleware/logging_middleware.go:54.26,57.4 2 0
github.com/meetsmatch/meetsmatch/internal/middleware/logging_middleware.go:60.3,77.24 5 0
github.com/meetsmatch/meetsmatch/internal/middleware/logging_middleware.go:77.24,79.47 2 0
github.com/meetsmatch/meetsmatch/internal/middleware/logging_middleware.go:79.47,81.75 1 0
github.com/meetsmatch/meetsmatch/internal/middleware/logging_middleware.go:81.75,83.6 1 0
github.com/meetsmatch/meetsmatch/internal/middleware/logging_middleware.go:83.11,83.31 1 0
github.com/meetsmatch/meetsmatch/internal/middleware/logging_middleware.go:83.31,85.6 1 0
github.com/meetsmatch/meetsmatch/internal/middleware/logging_middleware.go:87.4,87.38 1 0
github.com/meetsmatch/meetsmatch/internal/middleware/logging_middleware.go:91.3,92.46 2 0
github.com/meetsmatch/meetsmatch/internal/middleware/logging_middleware.go:92.46,94.18 2 0
github.com/meetsmatch/meetsmatch/internal/middleware/logging_middleware.go:94.18,99.5 3 0
github.com/meetsmatch/meetsmatch/internal/middleware/logging_middleware.go:103.3,128.46 7 0
github.com/meetsmatch/meetsmatch/internal/middleware/logging_middleware.go:128.46,130.4 1 0
github.com/meetsmatch/meetsmatch/internal/middleware/logging_middleware.go:133.3,133.24 1 0
github.com/meetsmatch/meetsmatch/internal/middleware/logging_middleware.go:133.24,135.33 2 0
github.com/meetsmatch/meetsmatch/internal/middleware/logging_middleware.go:135.33,137.5 1 0
github.com/meetsmatch/meetsmatch/internal/middleware/logging_middleware.go:138.4,138.37 1 0
github.com/meetsmatch/meetsmatch/internal/middleware/logging_middleware.go:142.3,143.35 2 0
github.com/meetsmatch/meetsmatch/internal/middleware/logging_middleware.go:143.35,145.4 1 0
github.com/meetsmatch/meetsmatch/internal/middleware/logging_middleware.go:146.3,146.36 1 0
github.com/meetsmatch/meetsmatch/internal/middleware/logging_middleware.go:146.36,148.4 1 0
github.com/meetsmatch/meetsmatch/internal/middleware/logging_middleware.go:151.3,152.10 2 0
github.com/meetsmatch/meetsmatch/internal/middleware/logging_middleware.go:153.33,154.62 1 0
github.com/meetsmatch/meetsmatch/internal/middleware/logging_middleware.go:155.33,156.61 1 0
github.com/meetsmatch/meetsmatch/internal/middleware/logging_middleware.go:157.33,158.50 1 0
github.com/meetsmatch/meetsmatch/internal/middleware/logging_middleware.go:159.11,160.43 1 0
github.com/meetsmatch/meetsmatch/internal/middleware/logging_middleware.go:174.58,175.47 1 0
github.com/meetsmatch/meetsmatch/internal/middleware/logging_middleware.go:175.47,177.28 2 0
github.com/meetsmatch/meetsmatch/internal/middleware/logging_middleware.go:177.28,179.4 1 0
github.com/meetsmatch/meetsmatch/internal/middleware/logging_middleware.go:179.9,181.4 1 0
github.com/meetsmatch/meetsmatch/internal/middleware/logging_middleware.go:183.2,183.37 1 0
github.com/meetsmatch/meetsmatch/internal/middleware/logging_middleware.go:187.61,189.2 1 0
github.com/meetsmatch/meetsmatch/internal/middleware/ratelimit.go:23.75,30.2 1 0
github.com/meetsmatch/meetsmatch/internal/middleware/ratelimit.go:33.37,41.30 5 0
github.com/meetsmatch/meetsmatch/internal/middleware/ratelimit.go:41.30,45.3 3 0
github.com/meetsmatch/meetsmatch/internal/middleware/ratelimit.go:48.2,48.19 1 0
github.com/meetsmatch/meetsmatch/internal/middleware/ratelimit.go:48.19,51.3 2 0
github.com/meetsmatch/meetsmatch/internal/middleware/ratelimit.go:53.2,53.14 1 0
github.com/meetsmatch/meetsmatch/internal/middleware/ratelimit.go:65.91,71.2 1 0
github.com/meetsmatch/meetsmatch/internal/middleware/ratelimit.go:74.80,75.70 1 0
github.com/meetsmatch/meetsmatch/internal/middleware/ratelimit.go:75.70,78.28 2 0
github.com/meetsmatch/meetsmatch/internal/middleware/ratelimit.go:78.28,80.4 1 0
github.com/meetsmatch/meetsmatch/internal/middleware/ratelimit.go:80.9,80.41 1 0
github.com/meetsmatch/meetsmatch/internal/middleware/ratelimit.go:80.41,82.4 1 0
github.com/meetsmatch/meetsmatch/internal/middleware/ratelimit.go:82.9,86.4 2 0
github.com/meetsmatch/meetsmatch/internal/middleware/ratelimit.go:89.3,92.23 2 0
github.com/meetsmatch/meetsmatch/internal/middleware/ratelimit.go:92.23,102.4 4 0
github.com/meetsmatch/meetsmatch/internal/middleware/ratelimit.go:105.3,105.23 1 0
github.com/meetsmatch/meetsmatch/internal/middleware/ratelimit.go:110.69,115.13 4 0
github.com/meetsmatch/meetsmatch/internal/middleware/ratelimit.go:115.13,118.52 2 0
github.com/meetsmatch/meetsmatch/internal/middleware/ratelimit.go:118.52,121.4 2 0
github.com/meetsmatch/meetsmatch/internal/middleware/ratelimit.go:122.3,122.16 1 0
github.com/meetsmatch/meetsmatch/internal/middleware/ratelimit.go:125.2,125.16 1 0
github.com/meetsmatch/meetsmatch/internal/middleware/ratelimit.go:129.108,131.27 2 0
github.com/meetsmatch/meetsmatch/internal/middleware/ratelimit.go:131.27,133.3 1 0
github.com/meetsmatch/meetsmatch/internal/middleware/ratelimit.go:133.8,133.87 1 0
github.com/meetsmatch/meetsmatch/internal/middleware/ratelimit.go:133.87,135.3 1 0
github.com/meetsmatch/meetsmatch/internal/middleware/ratelimit.go:135.8,137.3 1 0
github.com/meetsmatch/meetsmatch/internal/middleware/ratelimit.go:139.2,144.16 3 0
github.com/meetsmatch/meetsmatch/internal/middleware/ratelimit.go:144.16,151.3 2 0
github.com/meetsmatch/meetsmatch/internal/middleware/ratelimit.go:155.24,156.11 1 0
github.com/meetsmatch/meetsmatch/internal/middleware/ratelimit.go:156.11,158.3 1 0
github.com/meetsmatch/meetsmatch/internal/middleware/ratelimit.go:159.2,159.10 1 0
github.com/meetsmatch/meetsmatch/cmd/bot/main.go:27.57,28.42 1 2
github.com/meetsmatch/meetsmatch/cmd/bot/main.go:28.42,30.3 1 1
github.com/meetsmatch/meetsmatch/cmd/bot/main.go:31.2,31.21 1 1
github.com/meetsmatch/meetsmatch/cmd/bot/main.go:34.61,35.42 1 3
github.com/meetsmatch/meetsmatch/cmd/bot/main.go:35.42,36.55 1 2
github.com/meetsmatch/meetsmatch/cmd/bot/main.go:36.55,38.4 1 1
github.com/meetsmatch/meetsmatch/cmd/bot/main.go:40.2,40.21 1 2
github.com/meetsmatch/meetsmatch/cmd/bot/main.go:43.13,53.40 4 0
github.com/meetsmatch/meetsmatch/cmd/bot/main.go:53.40,55.3 1 0
github.com/meetsmatch/meetsmatch/cmd/bot/main.go:58.2,61.16 4 0
github.com/meetsmatch/meetsmatch/cmd/bot/main.go:61.16,63.3 1 0
github.com/meetsmatch/meetsmatch/cmd/bot/main.go:63.8,66.3 2 0
github.com/meetsmatch/meetsmatch/cmd/bot/main.go:69.2,70.20 2 0
github.com/meetsmatch/meetsmatch/cmd/bot/main.go:70.20,72.3 1 0
github.com/meetsmatch/meetsmatch/cmd/bot/main.go:74.2,76.16 3 0
github.com/meetsmatch/meetsmatch/cmd/bot/main.go:76.16,78.3 1 0
github.com/meetsmatch/meetsmatch/cmd/bot/main.go:81.2,91.25 2 0
github.com/meetsmatch/meetsmatch/cmd/bot/main.go:91.25,93.3 1 0
github.com/meetsmatch/meetsmatch/cmd/bot/main.go:94.2,94.25 1 0
github.com/meetsmatch/meetsmatch/cmd/bot/main.go:94.25,96.3 1 0
github.com/meetsmatch/meetsmatch/cmd/bot/main.go:97.2,97.28 1 0
github.com/meetsmatch/meetsmatch/cmd/bot/main.go:97.28,99.3 1 0
github.com/meetsmatch/meetsmatch/cmd/bot/main.go:102.2,103.24 2 0
github.com/meetsmatch/meetsmatch/cmd/bot/main.go:103.24,105.17 2 0
github.com/meetsmatch/meetsmatch/cmd/bot/main.go:105.17,108.4 2 0
github.com/meetsmatch/meetsmatch/cmd/bot/main.go:109.8,111.3 1 0
github.com/meetsmatch/meetsmatch/cmd/bot/main.go:112.2,112.16 1 0
github.com/meetsmatch/meetsmatch/cmd/bot/main.go:112.16,114.3 1 0
github.com/meetsmatch/meetsmatch/cmd/bot/main.go:115.2,127.24 4 0
github.com/meetsmatch/meetsmatch/cmd/bot/main.go:127.24,129.17 2 0
github.com/meetsmatch/meetsmatch/cmd/bot/main.go:129.17,132.4 2 0
github.com/meetsmatch/meetsmatch/cmd/bot/main.go:133.8,135.3 1 0
github.com/meetsmatch/meetsmatch/cmd/bot/main.go:136.2,136.16 1 0
github.com/meetsmatch/meetsmatch/cmd/bot/main.go:136.16,138.3 1 0
github.com/meetsmatch/meetsmatch/cmd/bot/main.go:139.2,180.16 15 0
github.com/meetsmatch/meetsmatch/cmd/bot/main.go:180.16,182.3 1 0
github.com/meetsmatch/meetsmatch/cmd/bot/main.go:185.2,186.16 2 0
github.com/meetsmatch/meetsmatch/cmd/bot/main.go:186.16,188.3 1 0
github.com/meetsmatch/meetsmatch/cmd/bot/main.go:189.2,207.24 9 0
github.com/meetsmatch/meetsmatch/cmd/bot/main.go:207.24,209.3 1 0
github.com/meetsmatch/meetsmatch/cmd/bot/main.go:212.2,232.50 11 0
github.com/meetsmatch/meetsmatch/cmd/bot/main.go:232.50,234.17 2 0
github.com/meetsmatch/meetsmatch/cmd/bot/main.go:234.17,237.4 2 0
github.com/meetsmatch/meetsmatch/cmd/bot/main.go:238.3,238.71 1 0
github.com/meetsmatch/meetsmatch/cmd/bot/main.go:241.2,241.58 1 0
github.com/meetsmatch/meetsmatch/cmd/bot/main.go:241.58,243.20 2 0
github.com/meetsmatch/meetsmatch/cmd/bot/main.go:243.20,245.4 1 0
github.com/meetsmatch/meetsmatch/cmd/bot/main.go:246.3,247.17 2 0
github.com/meetsmatch/meetsmatch/cmd/bot/main.go:247.17,250.4 2 0
github.com/meetsmatch/meetsmatch/cmd/bot/main.go:251.3,251.76 1 0
github.com/meetsmatch/meetsmatch/cmd/bot/main.go:255.2,258.22 2 0
github.com/meetsmatch/meetsmatch/cmd/bot/main.go:258.22,262.17 2 0
github.com/meetsmatch/meetsmatch/cmd/bot/main.go:262.17,264.4 1 0
github.com/meetsmatch/meetsmatch/cmd/bot/main.go:265.3,265.84 1 0
github.com/meetsmatch/meetsmatch/cmd/bot/main.go:266.8,269.17 2 0
github.com/meetsmatch/meetsmatch/cmd/bot/main.go:269.17,271.4 1 0
github.com/meetsmatch/meetsmatch/cmd/bot/main.go:274.3,275.13 2 0
github.com/meetsmatch/meetsmatch/cmd/bot/main.go:275.13,277.4 1 0
github.com/meetsmatch/meetsmatch/cmd/bot/main.go:278.3,278.45 1 0
github.com/meetsmatch/meetsmatch/cmd/bot/main.go:282.2,288.12 2 0
github.com/meetsmatch/meetsmatch/cmd/bot/main.go:288.12,291.7 3 0
github.com/meetsmatch/meetsmatch/cmd/bot/main.go:291.7,292.11 1 0
github.com/meetsmatch/meetsmatch/cmd/bot/main.go:293.20,296.51 2 0
github.com/meetsmatch/meetsmatch/cmd/bot/main.go:300.22,301.11 1 0
github.com/meetsmatch/meetsmatch/cmd/bot/main.go:307.2,307.12 1 0
github.com/meetsmatch/meetsmatch/cmd/bot/main.go:307.12,309.77 2 0
github.com/meetsmatch/meetsmatch/cmd/bot/main.go:309.77,311.4 1 0
github.com/meetsmatch/meetsmatch/cmd/bot/main.go:315.2,324.50 7 0
github.com/meetsmatch/meetsmatch/cmd/bot/main.go:324.50,326.3 1 0
github.com/meetsmatch/meetsmatch/cmd/bot/main.go:328.2,328.30 1 0
github.com/meetsmatch/meetsmatch/internal/database/db.go:29.48,52.16 6 0
github.com/meetsmatch/meetsmatch/internal/database/db.go:52.16,55.3 2 0
github.com/meetsmatch/meetsmatch/internal/database/db.go:58.2,65.34 5 0
github.com/meetsmatch/meetsmatch/internal/database/db.go:65.34,68.3 2 0
github.com/meetsmatch/meetsmatch/internal/database/db.go:70.2,71.21 2 0
github.com/meetsmatch/meetsmatch/internal/database/db.go:75.60,110.16 7 0
github.com/meetsmatch/meetsmatch/internal/database/db.go:110.16,113.3 2 0
github.com/meetsmatch/meetsmatch/internal/database/db.go:116.2,123.34 5 0
github.com/meetsmatch/meetsmatch/internal/database/db.go:123.34,126.3 2 0
github.com/meetsmatch/meetsmatch/internal/database/db.go:129.2,134.16 1 0
github.com/meetsmatch/meetsmatch/internal/database/db.go:134.16,136.3 1 0
github.com/meetsmatch/meetsmatch/internal/database/db.go:138.2,139.21 2 0
github.com/meetsmatch/meetsmatch/internal/database/db.go:142.29,144.2 1 0
github.com/meetsmatch/meetsmatch/internal/database/db.go:146.30,155.16 5 0
github.com/meetsmatch/meetsmatch/internal/database/db.go:155.16,157.3 1 0
github.com/meetsmatch/meetsmatch/internal/database/db.go:157.8,159.3 1 0
github.com/meetsmatch/meetsmatch/internal/database/db.go:161.2,161.12 1 0
github.com/meetsmatch/meetsmatch/internal/database/db.go:165.61,174.16 5 0
github.com/meetsmatch/meetsmatch/internal/database/db.go:174.16,177.3 2 0
github.com/meetsmatch/meetsmatch/internal/database/db.go:179.2,179.15 1 0
github.com/meetsmatch/meetsmatch/internal/database/db.go:179.15,180.31 1 0
github.com/meetsmatch/meetsmatch/internal/database/db.go:180.31,183.12 3 0
github.com/meetsmatch/meetsmatch/internal/database/db.go:184.9,184.24 1 0
github.com/meetsmatch/meetsmatch/internal/database/db.go:184.24,187.4 2 0
github.com/meetsmatch/meetsmatch/internal/database/db.go:187.9,189.18 2 0
github.com/meetsmatch/meetsmatch/internal/database/db.go:189.18,191.5 1 0
github.com/meetsmatch/meetsmatch/internal/database/db.go:191.10,193.5 1 0
github.com/meetsmatch/meetsmatch/internal/database/db.go:197.2,197.15 1 0
github.com/meetsmatch/meetsmatch/internal/database/models.go:51.47,52.14 1 0
github.com/meetsmatch/meetsmatch/internal/database/models.go:52.14,54.3 1 0
github.com/meetsmatch/meetsmatch/internal/database/models.go:55.2,55.24 1 0
github.com/meetsmatch/meetsmatch/internal/database/models.go:58.48,59.18 1 0
github.com/meetsmatch/meetsmatch/internal/database/models.go:59.18,62.3 2 0
github.com/meetsmatch/meetsmatch/internal/database/models.go:64.2,64.27 1 0
github.com/meetsmatch/meetsmatch/internal/database/models.go:65.14,66.30 1 0
github.com/meetsmatch/meetsmatch/internal/database/models.go:67.14,68.38 1 0
github.com/meetsmatch/meetsmatch/internal/database/models.go:69.10,70.57 1 0
github.com/meetsmatch/meetsmatch/internal/database/models.go:75.52,77.2 1 0
github.com/meetsmatch/meetsmatch/internal/database/models.go:79.53,80.18 1 0
github.com/meetsmatch/meetsmatch/internal/database/models.go:80.18,82.3 1 0
github.com/meetsmatch/meetsmatch/internal/database/models.go:84.2,84.27 1 0
github.com/meetsmatch/meetsmatch/internal/database/models.go:85.14,86.30 1 0
github.com/meetsmatch/meetsmatch/internal/database/models.go:87.14,88.38 1 0
github.com/meetsmatch/meetsmatch/internal/database/models.go:89.10,90.62 1 0
github.com/meetsmatch/meetsmatch/internal/database/models.go:159.50,160.14 1 0
github.com/meetsmatch/meetsmatch/internal/database/models.go:160.14,162.3 1 0
github.com/meetsmatch/meetsmatch/internal/database/models.go:163.2,163.24 1 0
github.com/meetsmatch/meetsmatch/internal/database/models.go:166.51,167.18 1 0
github.com/meetsmatch/meetsmatch/internal/database/models.go:167.18,170.3 2 0
github.com/meetsmatch/meetsmatch/internal/database/models.go:172.2,172.27 1 0
github.com/meetsmatch/meetsmatch/internal/database/models.go:173.14,174.30 1 0
github.com/meetsmatch/meetsmatch/internal/database/models.go:175.14,176.38 1 0
github.com/meetsmatch/meetsmatch/internal/database/models.go:177.10,178.60 1 0
github.com/meetsmatch/meetsmatch/internal/services/matching_service.go:20.59,22.2 1 0
github.com/meetsmatch/meetsmatch/internal/services/matching_service.go:24.88,36.52 5 0
github.com/meetsmatch/meetsmatch/internal/services/matching_service.go:36.52,39.3 2 0
github.com/meetsmatch/meetsmatch/internal/services/matching_service.go:41.2,41.26 1 0
github.com/meetsmatch/meetsmatch/internal/services/matching_service.go:41.26,45.3 2 0
github.com/meetsmatch/meetsmatch/internal/services/matching_service.go:48.2,69.16 4 0
github.com/meetsmatch/meetsmatch/internal/services/matching_service.go:69.16,72.3 2 0
github.com/meetsmatch/meetsmatch/internal/services/matching_service.go:75.2,75.26 1 0
github.com/meetsmatch/meetsmatch/internal/services/matching_service.go:75.26,78.17 3 0
github.com/meetsmatch/meetsmatch/internal/services/matching_service.go:78.17,81.4 2 0
github.com/meetsmatch/meetsmatch/internal/services/matching_service.go:84.2,85.19 2 0
github.com/meetsmatch/meetsmatch/internal/services/matching_service.go:88.85,101.16 4 0
github.com/meetsmatch/meetsmatch/internal/services/matching_service.go:101.16,102.27 1 0
github.com/meetsmatch/meetsmatch/internal/services/matching_service.go:102.27,104.4 1 0
github.com/meetsmatch/meetsmatch/internal/services/matching_service.go:105.3,105.18 1 0
github.com/meetsmatch/meetsmatch/internal/services/matching_service.go:108.2,108.19 1 0
github.com/meetsmatch/meetsmatch/internal/services/matching_service.go:111.85,125.16 4 0
github.com/meetsmatch/meetsmatch/internal/services/matching_service.go:125.16,127.3 1 0
github.com/meetsmatch/meetsmatch/internal/services/matching_service.go:129.2,129.19 1 0
github.com/meetsmatch/meetsmatch/internal/services/matching_service.go:132.84,142.16 4 0
github.com/meetsmatch/meetsmatch/internal/services/matching_service.go:142.16,144.3 1 0
github.com/meetsmatch/meetsmatch/internal/services/matching_service.go:146.2,146.15 1 0
github.com/meetsmatch/meetsmatch/internal/services/matching_service.go:146.15,148.54 1 0
github.com/meetsmatch/meetsmatch/internal/services/matching_service.go:148.54,156.18 3 0
github.com/meetsmatch/meetsmatch/internal/services/matching_service.go:156.18,158.5 1 0
github.com/meetsmatch/meetsmatch/internal/services/matching_service.go:161.4,168.18 5 0
github.com/meetsmatch/meetsmatch/internal/services/matching_service.go:168.18,170.5 1 0
github.com/meetsmatch/meetsmatch/internal/services/matching_service.go:172.4,172.14 1 0
github.com/meetsmatch/meetsmatch/internal/services/matching_service.go:176.2,176.12 1 0
github.com/meetsmatch/meetsmatch/internal/services/matching_service.go:179.90,190.16 5 0
github.com/meetsmatch/meetsmatch/internal/services/matching_service.go:190.16,193.3 2 0
github.com/meetsmatch/meetsmatch/internal/services/matching_service.go:196.2,219.87 3 0
github.com/meetsmatch/meetsmatch/internal/services/matching_service.go:219.87,231.3 2 0
github.com/meetsmatch/meetsmatch/internal/services/matching_service.go:233.2,243.16 5 0
github.com/meetsmatch/meetsmatch/internal/services/matching_service.go:243.16,246.3 2 0
github.com/meetsmatch/meetsmatch/internal/services/matching_service.go:247.2,250.18 3 0
github.com/meetsmatch/meetsmatch/internal/services/matching_service.go:250.18,259.21 3 0
github.com/meetsmatch/meetsmatch/internal/services/matching_service.go:259.21,262.4 2 0
github.com/meetsmatch/meetsmatch/internal/services/matching_service.go:263.3,263.35 1 0
github.com/meetsmatch/meetsmatch/internal/services/matching_service.go:266.2,266.34 1 0
github.com/meetsmatch/meetsmatch/internal/services/matching_service.go:266.34,269.3 2 0
github.com/meetsmatch/meetsmatch/internal/services/matching_service.go:271.2,272.21 2 0
github.com/meetsmatch/meetsmatch/internal/services/matching_service.go:275.80,293.16 7 0
github.com/meetsmatch/meetsmatch/internal/services/matching_service.go:293.16,296.3 2 0
github.com/meetsmatch/meetsmatch/internal/services/matching_service.go:298.2,299.18 2 0
github.com/meetsmatch/meetsmatch/internal/services/matching_service.go:302.109,320.18 6 0
github.com/meetsmatch/meetsmatch/internal/services/matching_service.go:320.18,323.3 2 0
github.com/meetsmatch/meetsmatch/internal/services/matching_service.go:325.2,329.16 4 0
github.com/meetsmatch/meetsmatch/internal/services/matching_service.go:329.16,332.3 2 0
github.com/meetsmatch/meetsmatch/internal/services/matching_service.go:333.2,336.18 3 0
github.com/meetsmatch/meetsmatch/internal/services/matching_service.go:336.18,342.21 3 0
github.com/meetsmatch/meetsmatch/internal/services/matching_service.go:342.21,345.4 2 0
github.com/meetsmatch/meetsmatch/internal/services/matching_service.go:346.3,346.35 1 0
github.com/meetsmatch/meetsmatch/internal/services/matching_service.go:349.2,349.34 1 0
github.com/meetsmatch/meetsmatch/internal/services/matching_service.go:349.34,352.3 2 0
github.com/meetsmatch/meetsmatch/internal/services/matching_service.go:354.2,355.21 2 0
github.com/meetsmatch/meetsmatch/internal/services/matching_service.go:358.95,381.16 6 0
github.com/meetsmatch/meetsmatch/internal/services/matching_service.go:381.16,384.3 2 0
github.com/meetsmatch/meetsmatch/internal/services/matching_service.go:385.2,388.18 3 0
github.com/meetsmatch/meetsmatch/internal/services/matching_service.go:388.18,397.21 3 0
github.com/meetsmatch/meetsmatch/internal/services/matching_service.go:397.21,400.4 2 0
github.com/meetsmatch/meetsmatch/internal/services/matching_service.go:401.3,401.35 1 0
github.com/meetsmatch/meetsmatch/internal/services/matching_service.go:404.2,404.34 1 0
github.com/meetsmatch/meetsmatch/internal/services/matching_service.go:404.34,407.3 2 0
github.com/meetsmatch/meetsmatch/internal/services/matching_service.go:409.2,410.21 2 0
github.com/meetsmatch/meetsmatch/internal/services/matching_service.go:413.79,416.2 1 0
github.com/meetsmatch/meetsmatch/internal/services/matching_service.go:418.61,428.16 6 0
github.com/meetsmatch/meetsmatch/internal/services/matching_service.go:428.16,431.3 2 0
github.com/meetsmatch/meetsmatch/internal/services/matching_service.go:433.2,434.12 2 0
github.com/meetsmatch/meetsmatch/internal/services/messaging_service.go:21.61,23.2 1 0
github.com/meetsmatch/meetsmatch/internal/services/messaging_service.go:25.109,37.16 5 0
github.com/meetsmatch/meetsmatch/internal/services/messaging_service.go:37.16,40.3 2 0
github.com/meetsmatch/meetsmatch/internal/services/messaging_service.go:42.2,42.25 1 0
github.com/meetsmatch/meetsmatch/internal/services/messaging_service.go:42.25,45.3 2 0
github.com/meetsmatch/meetsmatch/internal/services/messaging_service.go:48.2,60.52 2 0
github.com/meetsmatch/meetsmatch/internal/services/messaging_service.go:60.52,75.23 3 0
github.com/meetsmatch/meetsmatch/internal/services/messaging_service.go:75.23,77.4 1 0
github.com/meetsmatch/meetsmatch/internal/services/messaging_service.go:80.3,86.17 3 0
github.com/meetsmatch/meetsmatch/internal/services/messaging_service.go:86.17,88.4 1 0
github.com/meetsmatch/meetsmatch/internal/services/messaging_service.go:90.3,90.13 1 0
github.com/meetsmatch/meetsmatch/internal/services/messaging_service.go:93.2,93.16 1 0
github.com/meetsmatch/meetsmatch/internal/services/messaging_service.go:93.16,96.3 2 0
github.com/meetsmatch/meetsmatch/internal/services/messaging_service.go:98.2,99.21 2 0
github.com/meetsmatch/meetsmatch/internal/services/messaging_service.go:102.100,127.16 7 0
github.com/meetsmatch/meetsmatch/internal/services/messaging_service.go:127.16,128.27 1 0
github.com/meetsmatch/meetsmatch/internal/services/messaging_service.go:128.27,131.4 2 0
github.com/meetsmatch/meetsmatch/internal/services/messaging_service.go:132.3,133.18 2 0
github.com/meetsmatch/meetsmatch/internal/services/messaging_service.go:136.2,137.26 2 0
github.com/meetsmatch/meetsmatch/internal/services/messaging_service.go:140.104,159.16 6 0
github.com/meetsmatch/meetsmatch/internal/services/messaging_service.go:159.16,162.3 2 0
github.com/meetsmatch/meetsmatch/internal/services/messaging_service.go:163.2,166.18 3 0
github.com/meetsmatch/meetsmatch/internal/services/messaging_service.go:166.18,173.21 3 0
github.com/meetsmatch/meetsmatch/internal/services/messaging_service.go:173.21,176.4 2 0
github.com/meetsmatch/meetsmatch/internal/services/messaging_service.go:177.3,177.46 1 0
github.com/meetsmatch/meetsmatch/internal/services/messaging_service.go:180.2,180.34 1 0
github.com/meetsmatch/meetsmatch/internal/services/messaging_service.go:180.34,183.3 2 0
github.com/meetsmatch/meetsmatch/internal/services/messaging_service.go:185.2,186.27 2 0
github.com/meetsmatch/meetsmatch/internal/services/messaging_service.go:189.102,209.16 6 0
github.com/meetsmatch/meetsmatch/internal/services/messaging_service.go:209.16,212.3 2 0
github.com/meetsmatch/meetsmatch/internal/services/messaging_service.go:213.2,216.18 3 0
github.com/meetsmatch/meetsmatch/internal/services/messaging_service.go:216.18,223.21 3 0
github.com/meetsmatch/meetsmatch/internal/services/messaging_service.go:223.21,226.4 2 0
github.com/meetsmatch/meetsmatch/internal/services/messaging_service.go:227.3,227.35 1 0
github.com/meetsmatch/meetsmatch/internal/services/messaging_service.go:230.2,230.34 1 0
github.com/meetsmatch/meetsmatch/internal/services/messaging_service.go:230.34,233.3 2 0
github.com/meetsmatch/meetsmatch/internal/services/messaging_service.go:235.2,236.22 2 0
github.com/meetsmatch/meetsmatch/internal/services/messaging_service.go:239.116,259.16 6 0
github.com/meetsmatch/meetsmatch/internal/services/messaging_service.go:259.16,262.3 2 0
github.com/meetsmatch/meetsmatch/internal/services/messaging_service.go:263.2,266.18 3 0
github.com/meetsmatch/meetsmatch/internal/services/messaging_service.go:266.18,273.21 3 0
github.com/meetsmatch/meetsmatch/internal/services/messaging_service.go:273.21,276.4 2 0
github.com/meetsmatch/meetsmatch/internal/services/messaging_service.go:277.3,277.35 1 0
github.com/meetsmatch/meetsmatch/internal/services/messaging_service.go:280.2,280.34 1 0
github.com/meetsmatch/meetsmatch/internal/services/messaging_service.go:280.34,283.3 2 0
github.com/meetsmatch/meetsmatch/internal/services/messaging_service.go:285.2,286.22 2 0
github.com/meetsmatch/meetsmatch/internal/services/messaging_service.go:289.70,299.16 6 0
github.com/meetsmatch/meetsmatch/internal/services/messaging_service.go:299.16,302.3 2 0
github.com/meetsmatch/meetsmatch/internal/services/messaging_service.go:303.2,304.12 2 0
github.com/meetsmatch/meetsmatch/internal/services/messaging_service.go:307.88,325.16 6 0
github.com/meetsmatch/meetsmatch/internal/services/messaging_service.go:325.16,328.3 2 0
github.com/meetsmatch/meetsmatch/internal/services/messaging_service.go:329.2,330.12 2 0
github.com/meetsmatch/meetsmatch/internal/services/messaging_service.go:333.78,344.16 7 0
github.com/meetsmatch/meetsmatch/internal/services/messaging_service.go:344.16,347.3 2 0
github.com/meetsmatch/meetsmatch/internal/services/messaging_service.go:348.2,349.19 2 0
github.com/meetsmatch/meetsmatch/internal/services/messaging_service.go:352.74,364.16 6 0
github.com/meetsmatch/meetsmatch/internal/services/messaging_service.go:364.16,367.3 2 0
github.com/meetsmatch/meetsmatch/internal/services/messaging_service.go:369.2,370.16 2 0
github.com/meetsmatch/meetsmatch/internal/services/messaging_service.go:370.16,373.3 2 0
github.com/meetsmatch/meetsmatch/internal/services/messaging_service.go:375.2,375.23 1 0
github.com/meetsmatch/meetsmatch/internal/services/messaging_service.go:375.23,378.3 2 0
github.com/meetsmatch/meetsmatch/internal/services/messaging_service.go:380.2,381.12 2 0
github.com/meetsmatch/meetsmatch/internal/services/messaging_service.go:384.84,397.16 7 0
github.com/meetsmatch/meetsmatch/internal/services/messaging_service.go:397.16,400.3 2 0
github.com/meetsmatch/meetsmatch/internal/services/messaging_service.go:402.2,402.16 1 0
github.com/meetsmatch/meetsmatch/internal/services/messaging_service.go:402.16,405.3 2 0
github.com/meetsmatch/meetsmatch/internal/services/messaging_service.go:407.2,407.53 1 0
github.com/meetsmatch/meetsmatch/internal/services/messaging_service.go:407.53,415.17 2 0
github.com/meetsmatch/meetsmatch/internal/services/messaging_service.go:415.17,418.4 2 0
github.com/meetsmatch/meetsmatch/internal/services/messaging_service.go:421.3,422.17 2 0
github.com/meetsmatch/meetsmatch/internal/services/messaging_service.go:422.17,425.4 2 0
github.com/meetsmatch/meetsmatch/internal/services/messaging_service.go:427.3,428.13 2 0
github.com/meetsmatch/meetsmatch/internal/services/messaging_service.go:432.99,454.16 7 0
github.com/meetsmatch/meetsmatch/internal/services/messaging_service.go:454.16,455.27 1 0
github.com/meetsmatch/meetsmatch/internal/services/messaging_service.go:455.27,458.4 2 0
github.com/meetsmatch/meetsmatch/internal/services/messaging_service.go:459.3,460.64 2 0
github.com/meetsmatch/meetsmatch/internal/services/messaging_service.go:463.2,464.26 2 0
github.com/meetsmatch/meetsmatch/internal/services/messaging_service.go:467.92,485.16 6 0
github.com/meetsmatch/meetsmatch/internal/services/messaging_service.go:485.16,488.3 2 0
github.com/meetsmatch/meetsmatch/internal/services/messaging_service.go:489.2,492.18 3 0
github.com/meetsmatch/meetsmatch/internal/services/messaging_service.go:492.18,499.21 3 0
github.com/meetsmatch/meetsmatch/internal/services/messaging_service.go:499.21,502.4 2 0
github.com/meetsmatch/meetsmatch/internal/services/messaging_service.go:503.3,503.35 1 0
github.com/meetsmatch/meetsmatch/internal/services/messaging_service.go:506.2,506.34 1 0
github.com/meetsmatch/meetsmatch/internal/services/messaging_service.go:506.34,509.3 2 0
github.com/meetsmatch/meetsmatch/internal/services/messaging_service.go:511.2,512.22 2 0
github.com/meetsmatch/meetsmatch/internal/services/user_service.go:23.51,25.2 1 0
github.com/meetsmatch/meetsmatch/internal/services/user_service.go:27.90,70.16 7 0
github.com/meetsmatch/meetsmatch/internal/services/user_service.go:70.16,73.3 2 0
github.com/meetsmatch/meetsmatch/internal/services/user_service.go:75.2,76.18 2 0
github.com/meetsmatch/meetsmatch/internal/services/user_service.go:79.61,102.16 6 0
github.com/meetsmatch/meetsmatch/internal/services/user_service.go:102.16,103.27 1 0
github.com/meetsmatch/meetsmatch/internal/services/user_service.go:103.27,106.4 2 0
github.com/meetsmatch/meetsmatch/internal/services/user_service.go:107.3,108.56 2 0
github.com/meetsmatch/meetsmatch/internal/services/user_service.go:111.2,112.18 2 0
github.com/meetsmatch/meetsmatch/internal/services/user_service.go:115.76,138.16 6 0
github.com/meetsmatch/meetsmatch/internal/services/user_service.go:138.16,139.27 1 0
github.com/meetsmatch/meetsmatch/internal/services/user_service.go:139.27,142.4 2 0
github.com/meetsmatch/meetsmatch/internal/services/user_service.go:143.3,144.56 2 0
github.com/meetsmatch/meetsmatch/internal/services/user_service.go:147.2,148.18 2 0
github.com/meetsmatch/meetsmatch/internal/services/user_service.go:151.67,161.16 5 0
github.com/meetsmatch/meetsmatch/internal/services/user_service.go:161.16,164.3 2 0
github.com/meetsmatch/meetsmatch/internal/services/user_service.go:165.2,166.12 2 0
github.com/meetsmatch/meetsmatch/internal/services/user_service.go:169.65,179.16 6 0
github.com/meetsmatch/meetsmatch/internal/services/user_service.go:179.16,182.3 2 0
github.com/meetsmatch/meetsmatch/internal/services/user_service.go:184.2,185.12 2 0
github.com/meetsmatch/meetsmatch/internal/services/user_service.go:188.67,199.16 6 0
github.com/meetsmatch/meetsmatch/internal/services/user_service.go:199.16,202.3 2 0
github.com/meetsmatch/meetsmatch/internal/services/user_service.go:204.2,205.12 2 0
github.com/meetsmatch/meetsmatch/internal/services/user_service.go:208.69,219.16 6 0
github.com/meetsmatch/meetsmatch/internal/services/user_service.go:219.16,222.3 2 0
github.com/meetsmatch/meetsmatch/internal/services/user_service.go:224.2,225.12 2 0
github.com/meetsmatch/meetsmatch/internal/services/user_service.go:228.63,238.16 6 0
github.com/meetsmatch/meetsmatch/internal/services/user_service.go:238.16,241.3 2 0
github.com/meetsmatch/meetsmatch/internal/services/user_service.go:243.2,244.12 2 0
github.com/meetsmatch/meetsmatch/internal/services/user_service.go:247.96,262.16 6 0
github.com/meetsmatch/meetsmatch/internal/services/user_service.go:262.16,265.3 2 0
github.com/meetsmatch/meetsmatch/internal/services/user_service.go:267.2,268.12 2 0
github.com/meetsmatch/meetsmatch/internal/services/user_service.go:271.76,281.16 6 0
github.com/meetsmatch/meetsmatch/internal/services/user_service.go:281.16,284.3 2 0
github.com/meetsmatch/meetsmatch/internal/services/user_service.go:286.2,287.12 2 0
github.com/meetsmatch/meetsmatch/internal/services/user_service.go:290.91,300.16 6 0
github.com/meetsmatch/meetsmatch/internal/services/user_service.go:300.16,303.3 2 0
github.com/meetsmatch/meetsmatch/internal/services/user_service.go:305.2,306.12 2 0
github.com/meetsmatch/meetsmatch/internal/services/user_service.go:309.73,320.16 6 0
github.com/meetsmatch/meetsmatch/internal/services/user_service.go:320.16,323.3 2 0
github.com/meetsmatch/meetsmatch/internal/services/user_service.go:325.2,326.12 2 0
github.com/meetsmatch/meetsmatch/internal/services/user_service.go:329.55,337.53 4 0
github.com/meetsmatch/meetsmatch/internal/services/user_service.go:337.53,340.17 2 0
github.com/meetsmatch/meetsmatch/internal/services/user_service.go:340.17,343.4 2 0
github.com/meetsmatch/meetsmatch/internal/services/user_service.go:346.3,347.17 2 0
github.com/meetsmatch/meetsmatch/internal/services/user_service.go:347.17,350.4 2 0
github.com/meetsmatch/meetsmatch/internal/services/user_service.go:353.3,354.17 2 0
github.com/meetsmatch/meetsmatch/internal/services/user_service.go:354.17,357.4 2 0
github.com/meetsmatch/meetsmatch/internal/services/user_service.go:360.3,361.17 2 0
github.com/meetsmatch/meetsmatch/internal/services/user_service.go:361.17,364.4 2 0
github.com/meetsmatch/meetsmatch/internal/services/user_service.go:367.3,368.17 2 0
github.com/meetsmatch/meetsmatch/internal/services/user_service.go:368.17,371.4 2 0
github.com/meetsmatch/meetsmatch/internal/services/user_service.go:373.3,374.13 2 0
github.com/meetsmatch/meetsmatch/internal/services/user_service.go:378.74,398.16 6 0
github.com/meetsmatch/meetsmatch/internal/services/user_service.go:398.16,401.3 2 0
github.com/meetsmatch/meetsmatch/internal/services/user_service.go:402.2,405.18 3 0
github.com/meetsmatch/meetsmatch/internal/services/user_service.go:405.18,414.21 3 0
github.com/meetsmatch/meetsmatch/internal/services/user_service.go:414.21,417.4 2 0
github.com/meetsmatch/meetsmatch/internal/services/user_service.go:418.3,418.30 1 0
github.com/meetsmatch/meetsmatch/internal/services/user_service.go:421.2,421.34 1 0
github.com/meetsmatch/meetsmatch/internal/services/user_service.go:421.34,424.3 2 0
github.com/meetsmatch/meetsmatch/internal/services/user_service.go:426.2,427.19 2 0
github.com/meetsmatch/meetsmatch/internal/services/user_service.go:430.71,445.16 6 0
github.com/meetsmatch/meetsmatch/internal/services/user_service.go:445.16,448.3 2 0
github.com/meetsmatch/meetsmatch/internal/services/user_service.go:451.2,456.16 2 0
github.com/meetsmatch/meetsmatch/internal/services/user_service.go:456.16,459.3 2 0
github.com/meetsmatch/meetsmatch/internal/services/user_service.go:462.2,466.16 2 0
github.com/meetsmatch/meetsmatch/internal/services/user_service.go:466.16,469.3 2 0
github.com/meetsmatch/meetsmatch/internal/services/user_service.go:472.2,476.16 2 0
github.com/meetsmatch/meetsmatch/internal/services/user_service.go:476.16,479.3 2 0
github.com/meetsmatch/meetsmatch/internal/services/user_service.go:481.2,488.20 2 0
